#
# There is insufficient memory for the Java Runtime Environment to continue.
# Native memory allocation (malloc) failed to allocate 1536336 bytes for Chunk::new
# Possible reasons:
#   The system is out of physical RAM or swap space
#   The process is running with CompressedOops enabled, and the Java Heap may be blocking the growth of the native heap
# Possible solutions:
#   Reduce memory load on the system
#   Increase physical memory or swap space
#   Check if swap backing store is full
#   Decrease Java heap size (-Xmx/-Xms)
#   Decrease number of Java threads
#   Decrease Java thread stack sizes (-Xss)
#   Set larger code cache with -XX:ReservedCodeCacheSize=
#   JVM is running with Unscaled Compressed Oops mode in which the Java heap is
#     placed in the first 4GB address space. The Java Heap base address is the
#     maximum limit for the native heap growth. Please use -XX:HeapBaseMinAddress
#     to set the Java Heap base and to place the Java Heap above 4GB virtual address.
# This output file may be truncated or incomplete.
#
#  Out of Memory Error (./src/hotspot/share/memory/arena.cpp:197), pid=3092, tid=12620
#
# JRE version: OpenJDK Runtime Environment (11.0.10) (build 11.0.10+0-b96-7249189)
# Java VM: OpenJDK 64-Bit Server VM (11.0.10+0-b96-7249189, mixed mode, tiered, compressed oops, g1 gc, windows-amd64)
# No core dump will be written. Minidumps are not enabled by default on client versions of Windows
#

---------------  S U M M A R Y ------------

Command Line: --add-opens=java.base/java.util=ALL-UNNAMED --add-opens=java.base/java.lang=ALL-UNNAMED --add-opens=java.base/java.lang.invoke=ALL-UNNAMED --add-opens=java.base/java.util=ALL-UNNAMED --add-opens=java.prefs/java.util.prefs=ALL-UNNAMED --add-opens=java.prefs/java.util.prefs=ALL-UNNAMED --add-opens=java.base/java.nio.charset=ALL-UNNAMED --add-opens=java.base/java.net=ALL-UNNAMED --add-opens=java.base/java.util.concurrent.atomic=ALL-UNNAMED -Xmx2048m -Dfile.encoding=UTF-8 -Duser.country=US -Duser.language=en -Duser.variant org.gradle.launcher.daemon.bootstrap.GradleDaemon 7.0.2

Host: Intel(R) Core(TM) i7-8565U CPU @ 1.80GHz, 8 cores, 15G,  Windows 10 , 64 bit Build 19041 (10.0.19041.1889)
Time: Sat Aug 27 18:27:00 2022 Jordan Daylight Time elapsed time: 673.325070 seconds (0d 0h 11m 13s)

---------------  T H R E A D  ---------------

Current thread (0x0000021e3a79a000):  JavaThread "C2 CompilerThread0" daemon [_thread_in_native, id=12620, stack(0x00000062b6800000,0x00000062b6900000)]


Current CompileTask:
C2: 673325 15151       4       org.gradle.internal.operations.DefaultBuildOperationRunner::execute (23 bytes)

Stack: [0x00000062b6800000,0x00000062b6900000]
Native frames: (J=compiled Java code, j=interpreted, Vv=VM code, C=native code)
V  [jvm.dll+0x5ecfaa]
V  [jvm.dll+0x722bd5]
V  [jvm.dll+0x72412d]
V  [jvm.dll+0x7247e3]
V  [jvm.dll+0x242928]
V  [jvm.dll+0xbc4fc]
V  [jvm.dll+0xbca0c]
V  [jvm.dll+0x352d3b]
V  [jvm.dll+0x19800c]
V  [jvm.dll+0x1fb70e]
V  [jvm.dll+0x1fa7f4]
V  [jvm.dll+0x18354c]
V  [jvm.dll+0x208ee7]
V  [jvm.dll+0x207731]
V  [jvm.dll+0x6eb1cf]
V  [jvm.dll+0x6e3d45]
V  [jvm.dll+0x5ebe96]
C  [ucrtbase.dll+0x21bb2]
C  [KERNEL32.DLL+0x17034]
C  [ntdll.dll+0x52651]


---------------  P R O C E S S  ---------------

Threads class SMR info:
_java_thread_list=0x0000021e3d85aa60, length=58, elements={
0x0000021e1fa5c800, 0x0000021e3a72e800, 0x0000021e3a73b800, 0x0000021e3a792000,
0x0000021e3a793000, 0x0000021e3a796000, 0x0000021e3a79a000, 0x0000021e3a7a4000,
0x0000021e3a7a9000, 0x0000021e3a91f000, 0x0000021e3be06800, 0x0000021e3cc35000,
0x0000021e3d9a7800, 0x0000021e3c93d800, 0x0000021e3c93f000, 0x0000021e3c93c800,
0x0000021e3c93e000, 0x0000021e3c941800, 0x0000021e3db57800, 0x0000021e3db5a000,
0x0000021e3db55000, 0x0000021e3db56000, 0x0000021e3db5b800, 0x0000021e3d7d4000,
0x0000021e3d7d0800, 0x0000021e3d7cf000, 0x0000021e3d7d2800, 0x0000021e3d7d0000,
0x0000021e3d7d9000, 0x0000021e3d7dc000, 0x0000021e41e0f800, 0x0000021e41e0e800,
0x0000021e41e0a000, 0x0000021e41e13000, 0x0000021e3d8c8000, 0x0000021e3d8c8800,
0x0000021e3d8c7000, 0x0000021e3d8c5800, 0x0000021e3d8c9800, 0x0000021e3d8ca800,
0x0000021e3d8c6000, 0x0000021e3d8d0000, 0x0000021e3d8cc000, 0x0000021e3d8d1000,
0x0000021e3d8cb000, 0x0000021e3d8cd000, 0x0000021e3d8d1800, 0x0000021e3d8d2800,
0x0000021e3d8cd800, 0x0000021e3d8d3800, 0x0000021e3d8cf000, 0x0000021e3d8d4000,
0x0000021e41e09000, 0x0000021e41e0c800, 0x0000021e41e0d000, 0x0000021e41e08000,
0x0000021e41e07800, 0x0000021e41e0e000
}

Java Threads: ( => current thread )
  0x0000021e1fa5c800 JavaThread "main" [_thread_blocked, id=5452, stack(0x00000062b5c00000,0x00000062b5d00000)]
  0x0000021e3a72e800 JavaThread "Reference Handler" daemon [_thread_blocked, id=7320, stack(0x00000062b6300000,0x00000062b6400000)]
  0x0000021e3a73b800 JavaThread "Finalizer" daemon [_thread_blocked, id=12120, stack(0x00000062b6400000,0x00000062b6500000)]
  0x0000021e3a792000 JavaThread "Signal Dispatcher" daemon [_thread_blocked, id=4228, stack(0x00000062b6500000,0x00000062b6600000)]
  0x0000021e3a793000 JavaThread "Attach Listener" daemon [_thread_blocked, id=4672, stack(0x00000062b6600000,0x00000062b6700000)]
  0x0000021e3a796000 JavaThread "Service Thread" daemon [_thread_blocked, id=4556, stack(0x00000062b6700000,0x00000062b6800000)]
=>0x0000021e3a79a000 JavaThread "C2 CompilerThread0" daemon [_thread_in_native, id=12620, stack(0x00000062b6800000,0x00000062b6900000)]
  0x0000021e3a7a4000 JavaThread "C1 CompilerThread0" daemon [_thread_blocked, id=2644, stack(0x00000062b6900000,0x00000062b6a00000)]
  0x0000021e3a7a9000 JavaThread "Sweeper thread" daemon [_thread_blocked, id=13220, stack(0x00000062b6a00000,0x00000062b6b00000)]
  0x0000021e3a91f000 JavaThread "Common-Cleaner" daemon [_thread_blocked, id=4528, stack(0x00000062b6b00000,0x00000062b6c00000)]
  0x0000021e3be06800 JavaThread "Daemon health stats" [_thread_blocked, id=11416, stack(0x00000062b7300000,0x00000062b7400000)]
  0x0000021e3cc35000 JavaThread "Incoming local TCP Connector on port 62791" [_thread_in_native, id=17304, stack(0x00000062b6d00000,0x00000062b6e00000)]
  0x0000021e3d9a7800 JavaThread "Daemon periodic checks" [_thread_blocked, id=14656, stack(0x00000062b7400000,0x00000062b7500000)]
  0x0000021e3c93d800 JavaThread "Cache worker for file hash cache (C:\Users\pc\.gradle\caches\7.0.2\fileHashes)" [_thread_blocked, id=1168, stack(0x00000062b7c00000,0x00000062b7d00000)]
  0x0000021e3c93f000 JavaThread "File lock request listener" [_thread_in_native, id=7800, stack(0x00000062b7d00000,0x00000062b7e00000)]
  0x0000021e3c93c800 JavaThread "Cache worker for journal cache (C:\Users\pc\.gradle\caches\journal-1)" [_thread_blocked, id=16528, stack(0x00000062b8100000,0x00000062b8200000)]
  0x0000021e3c93e000 JavaThread "File watcher server" daemon [_thread_in_native, id=1276, stack(0x00000062b8400000,0x00000062b8500000)]
  0x0000021e3c941800 JavaThread "File watcher consumer" daemon [_thread_blocked, id=7236, stack(0x00000062b8500000,0x00000062b8600000)]
  0x0000021e3db57800 JavaThread "Cache worker for execution history cache (C:\Users\pc\.gradle\caches\7.0.2\executionHistory)" [_thread_blocked, id=6180, stack(0x00000062b8900000,0x00000062b8a00000)]
  0x0000021e3db5a000 JavaThread "jar transforms" [_thread_blocked, id=2344, stack(0x00000062b8a00000,0x00000062b8b00000)]
  0x0000021e3db55000 JavaThread "jar transforms Thread 2" [_thread_blocked, id=7000, stack(0x00000062b8b00000,0x00000062b8c00000)]
  0x0000021e3db56000 JavaThread "Cache worker for file content cache (C:\Users\pc\.gradle\caches\7.0.2\fileContent)" [_thread_blocked, id=15496, stack(0x00000062b8c00000,0x00000062b8d00000)]
  0x0000021e3db5b800 JavaThread "jar transforms Thread 3" [_thread_blocked, id=13560, stack(0x00000062b8e00000,0x00000062b8f00000)]
  0x0000021e3d7d4000 JavaThread "jar transforms Thread 4" [_thread_blocked, id=13880, stack(0x00000062b9900000,0x00000062b9a00000)]
  0x0000021e3d7d0800 JavaThread "jar transforms Thread 5" [_thread_blocked, id=16140, stack(0x00000062b9a00000,0x00000062b9b00000)]
  0x0000021e3d7cf000 JavaThread "jar transforms Thread 6" [_thread_blocked, id=14384, stack(0x00000062b9b00000,0x00000062b9c00000)]
  0x0000021e3d7d2800 JavaThread "jar transforms Thread 7" [_thread_blocked, id=8956, stack(0x00000062b9c00000,0x00000062b9d00000)]
  0x0000021e3d7d0000 JavaThread "jar transforms Thread 8" [_thread_blocked, id=1548, stack(0x00000062b9d00000,0x00000062b9e00000)]
  0x0000021e3d7d9000 JavaThread "Memory manager" [_thread_blocked, id=16484, stack(0x00000062b9f00000,0x00000062ba000000)]
  0x0000021e3d7dc000 JavaThread "pool-3-thread-1" [_thread_blocked, id=6548, stack(0x00000062ba200000,0x00000062ba300000)]
  0x0000021e41e0f800 JavaThread "RMI Scheduler(0)" daemon [_thread_blocked, id=2116, stack(0x00000062b8d00000,0x00000062b8e00000)]
  0x0000021e41e0e800 JavaThread "RMI GC Daemon" daemon [_thread_blocked, id=7560, stack(0x00000062bae00000,0x00000062baf00000)]
  0x0000021e41e0a000 JavaThread "RMI TCP Accept-0" daemon [_thread_in_native, id=15076, stack(0x00000062baf00000,0x00000062bb000000)]
  0x0000021e41e13000 JavaThread "RMI Reaper" [_thread_blocked, id=14496, stack(0x00000062bb000000,0x00000062bb100000)]
  0x0000021e3d8c8000 JavaThread "ForkJoinPool.commonPool-worker-13" daemon [_thread_blocked, id=17128, stack(0x00000062bb600000,0x00000062bb700000)]
  0x0000021e3d8c8800 JavaThread "RMI TCP Connection(8)-127.0.0.1" daemon [_thread_in_native, id=10880, stack(0x00000062b5b00000,0x00000062b5c00000)]
  0x0000021e3d8c7000 JavaThread "Daemon Thread 2" [_thread_blocked, id=3748, stack(0x00000062b7500000,0x00000062b7600000)]
  0x0000021e3d8c5800 JavaThread "Handler for socket connection from /127.0.0.1:62791 to /127.0.0.1:50101" [_thread_in_native, id=15296, stack(0x00000062b7600000,0x00000062b7700000)]
  0x0000021e3d8c9800 JavaThread "Cancel handler" [_thread_blocked, id=5816, stack(0x00000062b7700000,0x00000062b7800000)]
  0x0000021e3d8ca800 JavaThread "Daemon worker Thread 2" [_thread_in_Java, id=9716, stack(0x00000062b7800000,0x00000062b7900000)]
  0x0000021e3d8c6000 JavaThread "Asynchronous log dispatcher for DefaultDaemonConnection: socket connection from /127.0.0.1:62791 to /127.0.0.1:50101" [_thread_blocked, id=1452, stack(0x00000062b7900000,0x00000062b7a00000)]
  0x0000021e3d8d0000 JavaThread "Stdin handler" [_thread_blocked, id=17372, stack(0x00000062b7a00000,0x00000062b7b00000)]
  0x0000021e3d8cc000 JavaThread "Daemon client event forwarder" [_thread_blocked, id=10728, stack(0x00000062b7b00000,0x00000062b7c00000)]
  0x0000021e3d8d1000 JavaThread "Cache worker for file hash cache (C:\Users\pc\AndroidStudioProjects\PostAppWithKolin\.gradle\7.0.2\fileHashes)" [_thread_blocked, id=9440, stack(0x00000062b8200000,0x00000062b8300000)]
  0x0000021e3d8cb000 JavaThread "Cache worker for checksums cache (C:\Users\pc\AndroidStudioProjects\PostAppWithKolin\.gradle\checksums)" [_thread_blocked, id=3788, stack(0x00000062b8600000,0x00000062b8700000)]
  0x0000021e3d8cd000 JavaThread "Cache worker for cache directory md-supplier (C:\Users\pc\.gradle\caches\7.0.2\md-supplier)" [_thread_blocked, id=1216, stack(0x00000062b8300000,0x00000062b8400000)]
  0x0000021e3d8d1800 JavaThread "Cache worker for cache directory md-rule (C:\Users\pc\.gradle\caches\7.0.2\md-rule)" [_thread_blocked, id=7276, stack(0x00000062b8700000,0x00000062b8800000)]
  0x0000021e3d8d2800 JavaThread "Cache worker for dependencies-accessors (C:\Users\pc\AndroidStudioProjects\PostAppWithKolin\.gradle\7.0.2\dependencies-accessors)" [_thread_blocked, id=15328, stack(0x00000062b8800000,0x00000062b8900000)]
  0x0000021e3d8cd800 JavaThread "Cache worker for Build Output Cleanup Cache (C:\Users\pc\AndroidStudioProjects\PostAppWithKolin\.gradle\buildOutputCleanup)" [_thread_blocked, id=9868, stack(0x00000062b8f00000,0x00000062b9000000)]
  0x0000021e3d8d3800 JavaThread "C2 CompilerThread1" daemon [_thread_in_native, id=17016, stack(0x00000062b5900000,0x00000062b5a00000)]
  0x0000021e3d8cf000 JavaThread "Build operations" [_thread_blocked, id=11484, stack(0x00000062b5a00000,0x00000062b5b00000)]
  0x0000021e3d8d4000 JavaThread "Build operations Thread 2" [_thread_blocked, id=9456, stack(0x00000062b9000000,0x00000062b9100000)]
  0x0000021e41e09000 JavaThread "Build operations Thread 3" [_thread_blocked, id=1116, stack(0x00000062b9100000,0x00000062b9200000)]
  0x0000021e41e0c800 JavaThread "Build operations Thread 4" [_thread_blocked, id=14480, stack(0x00000062b9200000,0x00000062b9300000)]
  0x0000021e41e0d000 JavaThread "Build operations Thread 5" [_thread_blocked, id=15936, stack(0x00000062b9300000,0x00000062b9400000)]
  0x0000021e41e08000 JavaThread "Build operations Thread 6" [_thread_blocked, id=11144, stack(0x00000062b9400000,0x00000062b9500000)]
  0x0000021e41e07800 JavaThread "Build operations Thread 7" [_thread_blocked, id=13416, stack(0x00000062b9500000,0x00000062b9600000)]
  0x0000021e41e0e000 JavaThread "Build operations Thread 8" [_thread_blocked, id=3084, stack(0x00000062b9600000,0x00000062b9700000)]

Other Threads:
  0x0000021e3a72c000 VMThread "VM Thread" [stack: 0x00000062b6200000,0x00000062b6300000] [id=1072]
  0x0000021e3a93a800 WatcherThread [stack: 0x00000062b6c00000,0x00000062b6d00000] [id=3744]
  0x0000021e1fa76800 GCTaskThread "GC Thread#0" [stack: 0x00000062b5d00000,0x00000062b5e00000] [id=8856]
  0x0000021e3ba64800 GCTaskThread "GC Thread#1" [stack: 0x00000062b6e00000,0x00000062b6f00000] [id=15548]
  0x0000021e3b609000 GCTaskThread "GC Thread#2" [stack: 0x00000062b6f00000,0x00000062b7000000] [id=4704]
  0x0000021e3b609800 GCTaskThread "GC Thread#3" [stack: 0x00000062b7000000,0x00000062b7100000] [id=12560]
  0x0000021e3b83e000 GCTaskThread "GC Thread#4" [stack: 0x00000062b7100000,0x00000062b7200000] [id=16996]
  0x0000021e3b7b9000 GCTaskThread "GC Thread#5" [stack: 0x00000062b7200000,0x00000062b7300000] [id=17060]
  0x0000021e3bbb3800 GCTaskThread "GC Thread#6" [stack: 0x00000062b7e00000,0x00000062b7f00000] [id=14884]
  0x0000021e3bbb5000 GCTaskThread "GC Thread#7" [stack: 0x00000062b7f00000,0x00000062b8000000] [id=1772]
  0x0000021e1faa8000 ConcurrentGCThread "G1 Main Marker" [stack: 0x00000062b5e00000,0x00000062b5f00000] [id=8228]
  0x0000021e1faa9000 ConcurrentGCThread "G1 Conc#0" [stack: 0x00000062b5f00000,0x00000062b6000000] [id=11312]
  0x0000021e3cba2800 ConcurrentGCThread "G1 Conc#1" [stack: 0x00000062b8000000,0x00000062b8100000] [id=1560]
  0x0000021e1fb3e800 ConcurrentGCThread "G1 Refine#0" [stack: 0x00000062b6000000,0x00000062b6100000] [id=15308]
  0x0000021e410aa800 ConcurrentGCThread "G1 Refine#1" [stack: 0x00000062b9e00000,0x00000062b9f00000] [id=11440]
  0x0000021e39d78800 ConcurrentGCThread "G1 Young RemSet Sampling" [stack: 0x00000062b6100000,0x00000062b6200000] [id=8976]

Threads with active compile tasks:
C2 CompilerThread0 673427 15151       4       org.gradle.internal.operations.DefaultBuildOperationRunner::execute (23 bytes)
C2 CompilerThread1 673427 15154       4       org.gradle.internal.operations.DefaultBuildOperationRunner::execute (140 bytes)

VM state:not at safepoint (normal execution)

VM Mutex/Monitor currently owned by a thread: None

Heap address: 0x0000000080000000, size: 2048 MB, Compressed Oops mode: 32-bit
Narrow klass base: 0x0000000000000000, Narrow klass shift: 3
Compressed class space size: 1073741824 Address: 0x0000000100000000

Heap:
 garbage-first heap   total 260096K, used 184911K [0x0000000080000000, 0x0000000100000000)
  region size 1024K, 59 young (60416K), 6 survivors (6144K)
 Metaspace       used 115659K, capacity 119182K, committed 119372K, reserved 1153024K
  class space    used 15112K, capacity 16432K, committed 16512K, reserved 1048576K
Heap Regions: E=young(eden), S=young(survivor), O=old, HS=humongous(starts), HC=humongous(continues), CS=collection set, F=free, A=archive, TAMS=top-at-mark-start (previous, next)
|   0|0x0000000080000000, 0x0000000080100000, 0x0000000080100000|100%| O|  |TAMS 0x0000000080100000, 0x0000000080000000| Untracked 
|   1|0x0000000080100000, 0x0000000080200000, 0x0000000080200000|100%| O|  |TAMS 0x0000000080200000, 0x0000000080100000| Untracked 
|   2|0x0000000080200000, 0x0000000080300000, 0x0000000080300000|100%| O|  |TAMS 0x0000000080300000, 0x0000000080200000| Untracked 
|   3|0x0000000080300000, 0x0000000080400000, 0x0000000080400000|100%|HS|  |TAMS 0x0000000080400000, 0x0000000080300000| Complete 
|   4|0x0000000080400000, 0x0000000080500000, 0x0000000080500000|100%|HC|  |TAMS 0x0000000080500000, 0x0000000080400000| Complete 
|   5|0x0000000080500000, 0x0000000080600000, 0x0000000080600000|100%|HC|  |TAMS 0x0000000080600000, 0x0000000080500000| Complete 
|   6|0x0000000080600000, 0x0000000080700000, 0x0000000080700000|100%| O|  |TAMS 0x0000000080700000, 0x0000000080600000| Untracked 
|   7|0x0000000080700000, 0x0000000080800000, 0x0000000080800000|100%| O|  |TAMS 0x0000000080800000, 0x0000000080700000| Untracked 
|   8|0x0000000080800000, 0x0000000080900000, 0x0000000080900000|100%| O|  |TAMS 0x0000000080900000, 0x0000000080800000| Untracked 
|   9|0x0000000080900000, 0x0000000080a00000, 0x0000000080a00000|100%| O|  |TAMS 0x0000000080a00000, 0x0000000080900000| Untracked 
|  10|0x0000000080a00000, 0x0000000080b00000, 0x0000000080b00000|100%| O|  |TAMS 0x0000000080b00000, 0x0000000080a00000| Untracked 
|  11|0x0000000080b00000, 0x0000000080c00000, 0x0000000080c00000|100%| O|  |TAMS 0x0000000080c00000, 0x0000000080b00000| Untracked 
|  12|0x0000000080c00000, 0x0000000080d00000, 0x0000000080d00000|100%| O|  |TAMS 0x0000000080d00000, 0x0000000080c00000| Untracked 
|  13|0x0000000080d00000, 0x0000000080e00000, 0x0000000080e00000|100%| O|  |TAMS 0x0000000080e00000, 0x0000000080d00000| Untracked 
|  14|0x0000000080e00000, 0x0000000080f00000, 0x0000000080f00000|100%| O|  |TAMS 0x0000000080f00000, 0x0000000080e00000| Untracked 
|  15|0x0000000080f00000, 0x0000000081000000, 0x0000000081000000|100%| O|  |TAMS 0x0000000081000000, 0x0000000080f00000| Untracked 
|  16|0x0000000081000000, 0x0000000081100000, 0x0000000081100000|100%| O|  |TAMS 0x0000000081100000, 0x0000000081000000| Untracked 
|  17|0x0000000081100000, 0x0000000081200000, 0x0000000081200000|100%|HS|  |TAMS 0x0000000081200000, 0x0000000081100000| Complete 
|  18|0x0000000081200000, 0x0000000081300000, 0x0000000081300000|100%|HS|  |TAMS 0x0000000081300000, 0x0000000081200000| Complete 
|  19|0x0000000081300000, 0x0000000081400000, 0x0000000081400000|100%|HS|  |TAMS 0x0000000081400000, 0x0000000081300000| Complete 
|  20|0x0000000081400000, 0x0000000081500000, 0x0000000081500000|100%|HS|  |TAMS 0x0000000081500000, 0x0000000081400000| Complete 
|  21|0x0000000081500000, 0x0000000081600000, 0x0000000081600000|100%|HC|  |TAMS 0x0000000081600000, 0x0000000081500000| Complete 
|  22|0x0000000081600000, 0x0000000081700000, 0x0000000081700000|100%|HC|  |TAMS 0x0000000081700000, 0x0000000081600000| Complete 
|  23|0x0000000081700000, 0x0000000081800000, 0x0000000081800000|100%|HS|  |TAMS 0x0000000081800000, 0x0000000081700000| Complete 
|  24|0x0000000081800000, 0x0000000081900000, 0x0000000081900000|100%|HC|  |TAMS 0x0000000081900000, 0x0000000081800000| Complete 
|  25|0x0000000081900000, 0x0000000081a00000, 0x0000000081a00000|100%| O|  |TAMS 0x0000000081a00000, 0x0000000081900000| Untracked 
|  26|0x0000000081a00000, 0x0000000081b00000, 0x0000000081b00000|100%| O|  |TAMS 0x0000000081b00000, 0x0000000081a00000| Untracked 
|  27|0x0000000081b00000, 0x0000000081c00000, 0x0000000081c00000|100%| O|  |TAMS 0x0000000081c00000, 0x0000000081b00000| Untracked 
|  28|0x0000000081c00000, 0x0000000081d00000, 0x0000000081d00000|100%| O|  |TAMS 0x0000000081d00000, 0x0000000081c00000| Untracked 
|  29|0x0000000081d00000, 0x0000000081e00000, 0x0000000081e00000|100%| O|  |TAMS 0x0000000081e00000, 0x0000000081d00000| Untracked 
|  30|0x0000000081e00000, 0x0000000081f00000, 0x0000000081f00000|100%| O|  |TAMS 0x0000000081f00000, 0x0000000081e00000| Untracked 
|  31|0x0000000081f00000, 0x0000000082000000, 0x0000000082000000|100%| O|  |TAMS 0x0000000082000000, 0x0000000081f00000| Untracked 
|  32|0x0000000082000000, 0x0000000082100000, 0x0000000082100000|100%| O|  |TAMS 0x0000000082100000, 0x0000000082000000| Untracked 
|  33|0x0000000082100000, 0x0000000082200000, 0x0000000082200000|100%| O|  |TAMS 0x0000000082200000, 0x0000000082100000| Untracked 
|  34|0x0000000082200000, 0x0000000082300000, 0x0000000082300000|100%| O|  |TAMS 0x0000000082300000, 0x0000000082200000| Untracked 
|  35|0x0000000082300000, 0x0000000082400000, 0x0000000082400000|100%| O|  |TAMS 0x0000000082400000, 0x0000000082300000| Untracked 
|  36|0x0000000082400000, 0x0000000082500000, 0x0000000082500000|100%| O|  |TAMS 0x0000000082500000, 0x0000000082400000| Untracked 
|  37|0x0000000082500000, 0x0000000082600000, 0x0000000082600000|100%| O|  |TAMS 0x0000000082600000, 0x0000000082500000| Untracked 
|  38|0x0000000082600000, 0x0000000082700000, 0x0000000082700000|100%| O|  |TAMS 0x0000000082700000, 0x0000000082600000| Untracked 
|  39|0x0000000082700000, 0x0000000082800000, 0x0000000082800000|100%| O|  |TAMS 0x0000000082800000, 0x0000000082700000| Untracked 
|  40|0x0000000082800000, 0x0000000082900000, 0x0000000082900000|100%| O|  |TAMS 0x0000000082900000, 0x0000000082800000| Untracked 
|  41|0x0000000082900000, 0x0000000082a00000, 0x0000000082a00000|100%| O|  |TAMS 0x0000000082a00000, 0x0000000082900000| Untracked 
|  42|0x0000000082a00000, 0x0000000082b00000, 0x0000000082b00000|100%| O|  |TAMS 0x0000000082b00000, 0x0000000082a00000| Untracked 
|  43|0x0000000082b00000, 0x0000000082c00000, 0x0000000082c00000|100%| O|  |TAMS 0x0000000082c00000, 0x0000000082b00000| Untracked 
|  44|0x0000000082c00000, 0x0000000082d00000, 0x0000000082d00000|100%| O|  |TAMS 0x0000000082d00000, 0x0000000082c00000| Untracked 
|  45|0x0000000082d00000, 0x0000000082e00000, 0x0000000082e00000|100%| O|  |TAMS 0x0000000082e00000, 0x0000000082d00000| Untracked 
|  46|0x0000000082e00000, 0x0000000082f00000, 0x0000000082f00000|100%| O|  |TAMS 0x0000000082f00000, 0x0000000082e00000| Untracked 
|  47|0x0000000082f00000, 0x0000000083000000, 0x0000000083000000|100%| O|  |TAMS 0x0000000083000000, 0x0000000082f00000| Untracked 
|  48|0x0000000083000000, 0x0000000083100000, 0x0000000083100000|100%| O|  |TAMS 0x0000000083100000, 0x0000000083000000| Untracked 
|  49|0x0000000083100000, 0x0000000083200000, 0x0000000083200000|100%| O|  |TAMS 0x0000000083200000, 0x0000000083100000| Untracked 
|  50|0x0000000083200000, 0x0000000083300000, 0x0000000083300000|100%| O|  |TAMS 0x0000000083300000, 0x0000000083200000| Untracked 
|  51|0x0000000083300000, 0x0000000083400000, 0x0000000083400000|100%| O|  |TAMS 0x0000000083400000, 0x0000000083300000| Untracked 
|  52|0x0000000083400000, 0x0000000083500000, 0x0000000083500000|100%| O|  |TAMS 0x0000000083500000, 0x0000000083400000| Untracked 
|  53|0x0000000083500000, 0x0000000083600000, 0x0000000083600000|100%| O|  |TAMS 0x0000000083600000, 0x0000000083500000| Untracked 
|  54|0x0000000083600000, 0x0000000083700000, 0x0000000083700000|100%| O|  |TAMS 0x0000000083700000, 0x0000000083600000| Untracked 
|  55|0x0000000083700000, 0x0000000083800000, 0x0000000083800000|100%| O|  |TAMS 0x0000000083800000, 0x0000000083700000| Untracked 
|  56|0x0000000083800000, 0x0000000083900000, 0x0000000083900000|100%| O|  |TAMS 0x0000000083900000, 0x0000000083800000| Untracked 
|  57|0x0000000083900000, 0x0000000083a00000, 0x0000000083a00000|100%| O|  |TAMS 0x0000000083a00000, 0x0000000083900000| Untracked 
|  58|0x0000000083a00000, 0x0000000083b00000, 0x0000000083b00000|100%| O|  |TAMS 0x0000000083b00000, 0x0000000083a00000| Untracked 
|  59|0x0000000083b00000, 0x0000000083c00000, 0x0000000083c00000|100%| O|  |TAMS 0x0000000083c00000, 0x0000000083b00000| Untracked 
|  60|0x0000000083c00000, 0x0000000083d00000, 0x0000000083d00000|100%| O|  |TAMS 0x0000000083d00000, 0x0000000083c00000| Untracked 
|  61|0x0000000083d00000, 0x0000000083e00000, 0x0000000083e00000|100%| O|  |TAMS 0x0000000083e00000, 0x0000000083d00000| Untracked 
|  62|0x0000000083e00000, 0x0000000083f00000, 0x0000000083f00000|100%| O|  |TAMS 0x0000000083f00000, 0x0000000083e00000| Untracked 
|  63|0x0000000083f00000, 0x0000000084000000, 0x0000000084000000|100%| O|  |TAMS 0x0000000084000000, 0x0000000083f00000| Untracked 
|  64|0x0000000084000000, 0x0000000084100000, 0x0000000084100000|100%| O|  |TAMS 0x0000000084100000, 0x0000000084000000| Untracked 
|  65|0x0000000084100000, 0x0000000084200000, 0x0000000084200000|100%| O|  |TAMS 0x0000000084200000, 0x0000000084100000| Untracked 
|  66|0x0000000084200000, 0x0000000084300000, 0x0000000084300000|100%| O|  |TAMS 0x0000000084300000, 0x0000000084200000| Untracked 
|  67|0x0000000084300000, 0x0000000084400000, 0x0000000084400000|100%| O|  |TAMS 0x0000000084400000, 0x0000000084300000| Untracked 
|  68|0x0000000084400000, 0x0000000084500000, 0x0000000084500000|100%| O|  |TAMS 0x0000000084500000, 0x0000000084400000| Untracked 
|  69|0x0000000084500000, 0x0000000084600000, 0x0000000084600000|100%| O|  |TAMS 0x0000000084600000, 0x0000000084500000| Untracked 
|  70|0x0000000084600000, 0x0000000084700000, 0x0000000084700000|100%| O|  |TAMS 0x0000000084700000, 0x0000000084600000| Untracked 
|  71|0x0000000084700000, 0x0000000084800000, 0x0000000084800000|100%| O|  |TAMS 0x0000000084800000, 0x0000000084700000| Untracked 
|  72|0x0000000084800000, 0x0000000084900000, 0x0000000084900000|100%| O|  |TAMS 0x0000000084900000, 0x0000000084800000| Untracked 
|  73|0x0000000084900000, 0x0000000084a00000, 0x0000000084a00000|100%| O|  |TAMS 0x0000000084a00000, 0x0000000084900000| Untracked 
|  74|0x0000000084a00000, 0x0000000084b00000, 0x0000000084b00000|100%| O|  |TAMS 0x0000000084b00000, 0x0000000084a00000| Untracked 
|  75|0x0000000084b00000, 0x0000000084c00000, 0x0000000084c00000|100%| O|  |TAMS 0x0000000084c00000, 0x0000000084b00000| Untracked 
|  76|0x0000000084c00000, 0x0000000084d00000, 0x0000000084d00000|100%| O|  |TAMS 0x0000000084d00000, 0x0000000084c00000| Untracked 
|  77|0x0000000084d00000, 0x0000000084e00000, 0x0000000084e00000|100%| O|  |TAMS 0x0000000084e00000, 0x0000000084d00000| Untracked 
|  78|0x0000000084e00000, 0x0000000084f00000, 0x0000000084f00000|100%| O|  |TAMS 0x0000000084f00000, 0x0000000084e00000| Untracked 
|  79|0x0000000084f00000, 0x0000000085000000, 0x0000000085000000|100%| O|  |TAMS 0x0000000085000000, 0x0000000084f00000| Untracked 
|  80|0x0000000085000000, 0x0000000085100000, 0x0000000085100000|100%| O|  |TAMS 0x0000000085100000, 0x0000000085000000| Untracked 
|  81|0x0000000085100000, 0x0000000085200000, 0x0000000085200000|100%| O|  |TAMS 0x0000000085200000, 0x0000000085100000| Untracked 
|  82|0x0000000085200000, 0x0000000085300000, 0x0000000085300000|100%| O|  |TAMS 0x0000000085300000, 0x0000000085200000| Untracked 
|  83|0x0000000085300000, 0x0000000085400000, 0x0000000085400000|100%| O|  |TAMS 0x0000000085400000, 0x0000000085300000| Untracked 
|  84|0x0000000085400000, 0x0000000085500000, 0x0000000085500000|100%| O|  |TAMS 0x0000000085500000, 0x0000000085400000| Untracked 
|  85|0x0000000085500000, 0x0000000085600000, 0x0000000085600000|100%| O|  |TAMS 0x0000000085600000, 0x0000000085500000| Untracked 
|  86|0x0000000085600000, 0x0000000085700000, 0x0000000085700000|100%| O|  |TAMS 0x0000000085700000, 0x0000000085600000| Untracked 
|  87|0x0000000085700000, 0x0000000085800000, 0x0000000085800000|100%| O|  |TAMS 0x0000000085800000, 0x0000000085700000| Untracked 
|  88|0x0000000085800000, 0x0000000085900000, 0x0000000085900000|100%| O|  |TAMS 0x0000000085900000, 0x0000000085800000| Untracked 
|  89|0x0000000085900000, 0x0000000085a00000, 0x0000000085a00000|100%| O|  |TAMS 0x0000000085a00000, 0x0000000085900000| Untracked 
|  90|0x0000000085a00000, 0x0000000085b00000, 0x0000000085b00000|100%| O|  |TAMS 0x0000000085b00000, 0x0000000085a00000| Untracked 
|  91|0x0000000085b00000, 0x0000000085c00000, 0x0000000085c00000|100%| O|  |TAMS 0x0000000085c00000, 0x0000000085b00000| Untracked 
|  92|0x0000000085c00000, 0x0000000085d00000, 0x0000000085d00000|100%| O|  |TAMS 0x0000000085d00000, 0x0000000085c00000| Untracked 
|  93|0x0000000085d00000, 0x0000000085e00000, 0x0000000085e00000|100%| O|  |TAMS 0x0000000085e00000, 0x0000000085d00000| Untracked 
|  94|0x0000000085e00000, 0x0000000085f00000, 0x0000000085f00000|100%| O|  |TAMS 0x0000000085f00000, 0x0000000085e00000| Untracked 
|  95|0x0000000085f00000, 0x0000000086000000, 0x0000000086000000|100%| O|  |TAMS 0x0000000086000000, 0x0000000085f00000| Untracked 
|  96|0x0000000086000000, 0x0000000086100000, 0x0000000086100000|100%| O|  |TAMS 0x0000000086100000, 0x0000000086000000| Untracked 
|  97|0x0000000086100000, 0x0000000086200000, 0x0000000086200000|100%| O|  |TAMS 0x0000000086200000, 0x0000000086100000| Untracked 
|  98|0x0000000086200000, 0x0000000086300000, 0x0000000086300000|100%| O|  |TAMS 0x0000000086300000, 0x0000000086200000| Untracked 
|  99|0x0000000086300000, 0x0000000086400000, 0x0000000086400000|100%| O|  |TAMS 0x0000000086400000, 0x0000000086300000| Untracked 
| 100|0x0000000086400000, 0x0000000086500000, 0x0000000086500000|100%| O|  |TAMS 0x0000000086500000, 0x0000000086400000| Untracked 
| 101|0x0000000086500000, 0x0000000086600000, 0x0000000086600000|100%| O|  |TAMS 0x0000000086600000, 0x0000000086500000| Untracked 
| 102|0x0000000086600000, 0x0000000086700000, 0x0000000086700000|100%| O|  |TAMS 0x0000000086700000, 0x0000000086600000| Untracked 
| 103|0x0000000086700000, 0x0000000086800000, 0x0000000086800000|100%|HS|  |TAMS 0x0000000086800000, 0x0000000086700000| Complete 
| 104|0x0000000086800000, 0x0000000086900000, 0x0000000086900000|100%|HC|  |TAMS 0x0000000086900000, 0x0000000086800000| Complete 
| 105|0x0000000086900000, 0x0000000086a00000, 0x0000000086a00000|100%|HS|  |TAMS 0x0000000086a00000, 0x0000000086900000| Complete 
| 106|0x0000000086a00000, 0x0000000086b00000, 0x0000000086b00000|100%|HC|  |TAMS 0x0000000086b00000, 0x0000000086a00000| Complete 
| 107|0x0000000086b00000, 0x0000000086c00000, 0x0000000086c00000|100%|HS|  |TAMS 0x0000000086c00000, 0x0000000086b00000| Complete 
| 108|0x0000000086c00000, 0x0000000086d00000, 0x0000000086d00000|100%|HC|  |TAMS 0x0000000086d00000, 0x0000000086c00000| Complete 
| 109|0x0000000086d00000, 0x0000000086e00000, 0x0000000086e00000|100%|HS|  |TAMS 0x0000000086e00000, 0x0000000086d00000| Complete 
| 110|0x0000000086e00000, 0x0000000086f00000, 0x0000000086f00000|100%|HC|  |TAMS 0x0000000086f00000, 0x0000000086e00000| Complete 
| 111|0x0000000086f00000, 0x0000000087000000, 0x0000000087000000|100%|HS|  |TAMS 0x0000000087000000, 0x0000000086f00000| Complete 
| 112|0x0000000087000000, 0x0000000087100000, 0x0000000087100000|100%|HC|  |TAMS 0x0000000087100000, 0x0000000087000000| Complete 
| 113|0x0000000087100000, 0x0000000087200000, 0x0000000087200000|100%|HS|  |TAMS 0x0000000087200000, 0x0000000087100000| Complete 
| 114|0x0000000087200000, 0x0000000087300000, 0x0000000087300000|100%|HC|  |TAMS 0x0000000087300000, 0x0000000087200000| Complete 
| 115|0x0000000087300000, 0x0000000087400000, 0x0000000087400000|100%| O|  |TAMS 0x0000000087400000, 0x0000000087300000| Untracked 
| 116|0x0000000087400000, 0x0000000087500000, 0x0000000087500000|100%| O|  |TAMS 0x0000000087500000, 0x0000000087400000| Untracked 
| 117|0x0000000087500000, 0x0000000087600000, 0x0000000087600000|100%| O|  |TAMS 0x0000000087600000, 0x0000000087500000| Untracked 
| 118|0x0000000087600000, 0x0000000087700000, 0x0000000087700000|100%| O|  |TAMS 0x0000000087700000, 0x0000000087600000| Untracked 
| 119|0x0000000087700000, 0x0000000087721800, 0x0000000087800000| 13%| O|  |TAMS 0x0000000087721800, 0x0000000087700000| Untracked 
| 120|0x0000000087800000, 0x0000000087900000, 0x0000000087900000|100%|HS|  |TAMS 0x0000000087800000, 0x0000000087800000| Complete 
| 121|0x0000000087900000, 0x0000000087a00000, 0x0000000087a00000|100%|HC|  |TAMS 0x0000000087900000, 0x0000000087900000| Complete 
| 122|0x0000000087a00000, 0x0000000087b00000, 0x0000000087b00000|100%|HS|  |TAMS 0x0000000087a00000, 0x0000000087a00000| Complete 
| 123|0x0000000087b00000, 0x0000000087c00000, 0x0000000087c00000|100%|HC|  |TAMS 0x0000000087b00000, 0x0000000087b00000| Complete 
| 124|0x0000000087c00000, 0x0000000087d00000, 0x0000000087d00000|100%|HS|  |TAMS 0x0000000087c00000, 0x0000000087c00000| Complete 
| 125|0x0000000087d00000, 0x0000000087d00000, 0x0000000087e00000|  0%| F|  |TAMS 0x0000000087d00000, 0x0000000087d00000| Untracked 
| 126|0x0000000087e00000, 0x0000000087e00000, 0x0000000087f00000|  0%| F|  |TAMS 0x0000000087e00000, 0x0000000087e00000| Untracked 
| 127|0x0000000087f00000, 0x0000000087f00000, 0x0000000088000000|  0%| F|  |TAMS 0x0000000087f00000, 0x0000000087f00000| Untracked 
| 128|0x0000000088000000, 0x0000000088000000, 0x0000000088100000|  0%| F|  |TAMS 0x0000000088000000, 0x0000000088000000| Untracked 
| 129|0x0000000088100000, 0x0000000088100000, 0x0000000088200000|  0%| F|  |TAMS 0x0000000088100000, 0x0000000088100000| Untracked 
| 130|0x0000000088200000, 0x0000000088200000, 0x0000000088300000|  0%| F|  |TAMS 0x0000000088200000, 0x0000000088200000| Untracked 
| 131|0x0000000088300000, 0x0000000088300000, 0x0000000088400000|  0%| F|  |TAMS 0x0000000088300000, 0x0000000088300000| Untracked 
| 132|0x0000000088400000, 0x0000000088400000, 0x0000000088500000|  0%| F|  |TAMS 0x0000000088400000, 0x0000000088400000| Untracked 
| 133|0x0000000088500000, 0x0000000088500000, 0x0000000088600000|  0%| F|  |TAMS 0x0000000088500000, 0x0000000088500000| Untracked 
| 134|0x0000000088600000, 0x0000000088600000, 0x0000000088700000|  0%| F|  |TAMS 0x0000000088600000, 0x0000000088600000| Untracked 
| 135|0x0000000088700000, 0x0000000088700000, 0x0000000088800000|  0%| F|  |TAMS 0x0000000088700000, 0x0000000088700000| Untracked 
| 136|0x0000000088800000, 0x0000000088800000, 0x0000000088900000|  0%| F|  |TAMS 0x0000000088800000, 0x0000000088800000| Untracked 
| 137|0x0000000088900000, 0x0000000088900000, 0x0000000088a00000|  0%| F|  |TAMS 0x0000000088900000, 0x0000000088900000| Untracked 
| 138|0x0000000088a00000, 0x0000000088a00000, 0x0000000088b00000|  0%| F|  |TAMS 0x0000000088a00000, 0x0000000088a00000| Untracked 
| 139|0x0000000088b00000, 0x0000000088b00000, 0x0000000088c00000|  0%| F|  |TAMS 0x0000000088b00000, 0x0000000088b00000| Untracked 
| 140|0x0000000088c00000, 0x0000000088c00000, 0x0000000088d00000|  0%| F|  |TAMS 0x0000000088c00000, 0x0000000088c00000| Untracked 
| 141|0x0000000088d00000, 0x0000000088d00000, 0x0000000088e00000|  0%| F|  |TAMS 0x0000000088d00000, 0x0000000088d00000| Untracked 
| 142|0x0000000088e00000, 0x0000000088e00000, 0x0000000088f00000|  0%| F|  |TAMS 0x0000000088e00000, 0x0000000088e00000| Untracked 
| 143|0x0000000088f00000, 0x0000000088f00000, 0x0000000089000000|  0%| F|  |TAMS 0x0000000088f00000, 0x0000000088f00000| Untracked 
| 144|0x0000000089000000, 0x0000000089000000, 0x0000000089100000|  0%| F|  |TAMS 0x0000000089000000, 0x0000000089000000| Untracked 
| 145|0x0000000089100000, 0x0000000089100000, 0x0000000089200000|  0%| F|  |TAMS 0x0000000089100000, 0x0000000089100000| Untracked 
| 146|0x0000000089200000, 0x0000000089200000, 0x0000000089300000|  0%| F|  |TAMS 0x0000000089200000, 0x0000000089200000| Untracked 
| 147|0x0000000089300000, 0x0000000089300000, 0x0000000089400000|  0%| F|  |TAMS 0x0000000089300000, 0x0000000089300000| Untracked 
| 148|0x0000000089400000, 0x0000000089400000, 0x0000000089500000|  0%| F|  |TAMS 0x0000000089400000, 0x0000000089400000| Untracked 
| 149|0x0000000089500000, 0x0000000089500000, 0x0000000089600000|  0%| F|  |TAMS 0x0000000089500000, 0x0000000089500000| Untracked 
| 150|0x0000000089600000, 0x0000000089600000, 0x0000000089700000|  0%| F|  |TAMS 0x0000000089600000, 0x0000000089600000| Untracked 
| 151|0x0000000089700000, 0x0000000089700000, 0x0000000089800000|  0%| F|  |TAMS 0x0000000089700000, 0x0000000089700000| Untracked 
| 152|0x0000000089800000, 0x0000000089800000, 0x0000000089900000|  0%| F|  |TAMS 0x0000000089800000, 0x0000000089800000| Untracked 
| 153|0x0000000089900000, 0x0000000089900000, 0x0000000089a00000|  0%| F|  |TAMS 0x0000000089900000, 0x0000000089900000| Untracked 
| 154|0x0000000089a00000, 0x0000000089a00000, 0x0000000089b00000|  0%| F|  |TAMS 0x0000000089a00000, 0x0000000089a00000| Untracked 
| 155|0x0000000089b00000, 0x0000000089b00000, 0x0000000089c00000|  0%| F|  |TAMS 0x0000000089b00000, 0x0000000089b00000| Untracked 
| 156|0x0000000089c00000, 0x0000000089c00000, 0x0000000089d00000|  0%| F|  |TAMS 0x0000000089c00000, 0x0000000089c00000| Untracked 
| 157|0x0000000089d00000, 0x0000000089d00000, 0x0000000089e00000|  0%| F|  |TAMS 0x0000000089d00000, 0x0000000089d00000| Untracked 
| 158|0x0000000089e00000, 0x0000000089e00000, 0x0000000089f00000|  0%| F|  |TAMS 0x0000000089e00000, 0x0000000089e00000| Untracked 
| 159|0x0000000089f00000, 0x0000000089f00000, 0x000000008a000000|  0%| F|  |TAMS 0x0000000089f00000, 0x0000000089f00000| Untracked 
| 160|0x000000008a000000, 0x000000008a000000, 0x000000008a100000|  0%| F|  |TAMS 0x000000008a000000, 0x000000008a000000| Untracked 
| 161|0x000000008a100000, 0x000000008a100000, 0x000000008a200000|  0%| F|  |TAMS 0x000000008a100000, 0x000000008a100000| Untracked 
| 162|0x000000008a200000, 0x000000008a200000, 0x000000008a300000|  0%| F|  |TAMS 0x000000008a200000, 0x000000008a200000| Untracked 
| 163|0x000000008a300000, 0x000000008a300000, 0x000000008a400000|  0%| F|  |TAMS 0x000000008a300000, 0x000000008a300000| Untracked 
| 164|0x000000008a400000, 0x000000008a400000, 0x000000008a500000|  0%| F|  |TAMS 0x000000008a400000, 0x000000008a400000| Untracked 
| 165|0x000000008a500000, 0x000000008a500000, 0x000000008a600000|  0%| F|  |TAMS 0x000000008a500000, 0x000000008a500000| Untracked 
| 166|0x000000008a600000, 0x000000008a600000, 0x000000008a700000|  0%| F|  |TAMS 0x000000008a600000, 0x000000008a600000| Untracked 
| 167|0x000000008a700000, 0x000000008a700000, 0x000000008a800000|  0%| F|  |TAMS 0x000000008a700000, 0x000000008a700000| Untracked 
| 168|0x000000008a800000, 0x000000008a800000, 0x000000008a900000|  0%| F|  |TAMS 0x000000008a800000, 0x000000008a800000| Untracked 
| 169|0x000000008a900000, 0x000000008a900000, 0x000000008aa00000|  0%| F|  |TAMS 0x000000008a900000, 0x000000008a900000| Untracked 
| 170|0x000000008aa00000, 0x000000008aa00000, 0x000000008ab00000|  0%| F|  |TAMS 0x000000008aa00000, 0x000000008aa00000| Untracked 
| 171|0x000000008ab00000, 0x000000008ab00000, 0x000000008ac00000|  0%| F|  |TAMS 0x000000008ab00000, 0x000000008ab00000| Untracked 
| 172|0x000000008ac00000, 0x000000008ac00000, 0x000000008ad00000|  0%| F|  |TAMS 0x000000008ac00000, 0x000000008ac00000| Untracked 
| 173|0x000000008ad00000, 0x000000008ad00000, 0x000000008ae00000|  0%| F|  |TAMS 0x000000008ad00000, 0x000000008ad00000| Untracked 
| 174|0x000000008ae00000, 0x000000008ae00000, 0x000000008af00000|  0%| F|  |TAMS 0x000000008ae00000, 0x000000008ae00000| Untracked 
| 175|0x000000008af00000, 0x000000008af00000, 0x000000008b000000|  0%| F|  |TAMS 0x000000008af00000, 0x000000008af00000| Untracked 
| 176|0x000000008b000000, 0x000000008b000000, 0x000000008b100000|  0%| F|  |TAMS 0x000000008b000000, 0x000000008b000000| Untracked 
| 177|0x000000008b100000, 0x000000008b100000, 0x000000008b200000|  0%| F|  |TAMS 0x000000008b100000, 0x000000008b100000| Untracked 
| 178|0x000000008b200000, 0x000000008b200000, 0x000000008b300000|  0%| F|  |TAMS 0x000000008b200000, 0x000000008b200000| Untracked 
| 179|0x000000008b300000, 0x000000008b300000, 0x000000008b400000|  0%| F|  |TAMS 0x000000008b300000, 0x000000008b300000| Untracked 
| 180|0x000000008b400000, 0x000000008b400000, 0x000000008b500000|  0%| F|  |TAMS 0x000000008b400000, 0x000000008b400000| Untracked 
| 181|0x000000008b500000, 0x000000008b500000, 0x000000008b600000|  0%| F|  |TAMS 0x000000008b500000, 0x000000008b500000| Untracked 
| 182|0x000000008b600000, 0x000000008b600000, 0x000000008b700000|  0%| F|  |TAMS 0x000000008b600000, 0x000000008b600000| Untracked 
| 183|0x000000008b700000, 0x000000008b700000, 0x000000008b800000|  0%| F|  |TAMS 0x000000008b700000, 0x000000008b700000| Untracked 
| 184|0x000000008b800000, 0x000000008b800000, 0x000000008b900000|  0%| F|  |TAMS 0x000000008b800000, 0x000000008b800000| Untracked 
| 185|0x000000008b900000, 0x000000008b900000, 0x000000008ba00000|  0%| F|  |TAMS 0x000000008b900000, 0x000000008b900000| Untracked 
| 186|0x000000008ba00000, 0x000000008ba00000, 0x000000008bb00000|  0%| F|  |TAMS 0x000000008ba00000, 0x000000008ba00000| Untracked 
| 187|0x000000008bb00000, 0x000000008bb00000, 0x000000008bc00000|  0%| F|  |TAMS 0x000000008bb00000, 0x000000008bb00000| Untracked 
| 188|0x000000008bc00000, 0x000000008bc00000, 0x000000008bd00000|  0%| F|  |TAMS 0x000000008bc00000, 0x000000008bc00000| Untracked 
| 189|0x000000008bd00000, 0x000000008bd00000, 0x000000008be00000|  0%| F|  |TAMS 0x000000008bd00000, 0x000000008bd00000| Untracked 
| 190|0x000000008be00000, 0x000000008be00000, 0x000000008bf00000|  0%| F|  |TAMS 0x000000008be00000, 0x000000008be00000| Untracked 
| 191|0x000000008bf00000, 0x000000008bf00000, 0x000000008c000000|  0%| F|  |TAMS 0x000000008bf00000, 0x000000008bf00000| Untracked 
| 192|0x000000008c000000, 0x000000008c000000, 0x000000008c100000|  0%| F|  |TAMS 0x000000008c000000, 0x000000008c000000| Untracked 
| 193|0x000000008c100000, 0x000000008c100000, 0x000000008c200000|  0%| F|  |TAMS 0x000000008c100000, 0x000000008c100000| Untracked 
| 194|0x000000008c200000, 0x000000008c200000, 0x000000008c300000|  0%| F|  |TAMS 0x000000008c200000, 0x000000008c200000| Untracked 
| 195|0x000000008c300000, 0x000000008c3697d0, 0x000000008c400000| 41%| E|  |TAMS 0x000000008c300000, 0x000000008c300000| Complete 
| 196|0x000000008c400000, 0x000000008c500000, 0x000000008c500000|100%| E|CS|TAMS 0x000000008c400000, 0x000000008c400000| Complete 
| 197|0x000000008c500000, 0x000000008c600000, 0x000000008c600000|100%| E|CS|TAMS 0x000000008c500000, 0x000000008c500000| Complete 
| 198|0x000000008c600000, 0x000000008c700000, 0x000000008c700000|100%| E|CS|TAMS 0x000000008c600000, 0x000000008c600000| Complete 
| 199|0x000000008c700000, 0x000000008c800000, 0x000000008c800000|100%| E|CS|TAMS 0x000000008c700000, 0x000000008c700000| Complete 
| 200|0x000000008c800000, 0x000000008c900000, 0x000000008c900000|100%| E|CS|TAMS 0x000000008c800000, 0x000000008c800000| Complete 
| 201|0x000000008c900000, 0x000000008ca00000, 0x000000008ca00000|100%| E|CS|TAMS 0x000000008c900000, 0x000000008c900000| Complete 
| 202|0x000000008ca00000, 0x000000008cb00000, 0x000000008cb00000|100%| E|CS|TAMS 0x000000008ca00000, 0x000000008ca00000| Complete 
| 203|0x000000008cb00000, 0x000000008cc00000, 0x000000008cc00000|100%| E|CS|TAMS 0x000000008cb00000, 0x000000008cb00000| Complete 
| 204|0x000000008cc00000, 0x000000008cd00000, 0x000000008cd00000|100%| E|CS|TAMS 0x000000008cc00000, 0x000000008cc00000| Complete 
| 205|0x000000008cd00000, 0x000000008ce00000, 0x000000008ce00000|100%| E|CS|TAMS 0x000000008cd00000, 0x000000008cd00000| Complete 
| 206|0x000000008ce00000, 0x000000008cf00000, 0x000000008cf00000|100%| E|CS|TAMS 0x000000008ce00000, 0x000000008ce00000| Complete 
| 207|0x000000008cf00000, 0x000000008d000000, 0x000000008d000000|100%| E|CS|TAMS 0x000000008cf00000, 0x000000008cf00000| Complete 
| 208|0x000000008d000000, 0x000000008d100000, 0x000000008d100000|100%| E|CS|TAMS 0x000000008d000000, 0x000000008d000000| Complete 
| 209|0x000000008d100000, 0x000000008d200000, 0x000000008d200000|100%| E|CS|TAMS 0x000000008d100000, 0x000000008d100000| Complete 
| 210|0x000000008d200000, 0x000000008d300000, 0x000000008d300000|100%| E|CS|TAMS 0x000000008d200000, 0x000000008d200000| Complete 
| 211|0x000000008d300000, 0x000000008d400000, 0x000000008d400000|100%| E|CS|TAMS 0x000000008d300000, 0x000000008d300000| Complete 
| 212|0x000000008d400000, 0x000000008d500000, 0x000000008d500000|100%| E|CS|TAMS 0x000000008d400000, 0x000000008d400000| Complete 
| 213|0x000000008d500000, 0x000000008d600000, 0x000000008d600000|100%| E|CS|TAMS 0x000000008d500000, 0x000000008d500000| Complete 
| 214|0x000000008d600000, 0x000000008d700000, 0x000000008d700000|100%| E|CS|TAMS 0x000000008d600000, 0x000000008d600000| Complete 
| 215|0x000000008d700000, 0x000000008d800000, 0x000000008d800000|100%| E|CS|TAMS 0x000000008d700000, 0x000000008d700000| Complete 
| 216|0x000000008d800000, 0x000000008d900000, 0x000000008d900000|100%| E|CS|TAMS 0x000000008d800000, 0x000000008d800000| Complete 
| 217|0x000000008d900000, 0x000000008da00000, 0x000000008da00000|100%| E|CS|TAMS 0x000000008d900000, 0x000000008d900000| Complete 
| 218|0x000000008da00000, 0x000000008db00000, 0x000000008db00000|100%| E|  |TAMS 0x000000008da00000, 0x000000008da00000| Complete 
| 219|0x000000008db00000, 0x000000008dc00000, 0x000000008dc00000|100%| E|CS|TAMS 0x000000008db00000, 0x000000008db00000| Complete 
| 220|0x000000008dc00000, 0x000000008dd00000, 0x000000008dd00000|100%| E|CS|TAMS 0x000000008dc00000, 0x000000008dc00000| Complete 
| 221|0x000000008dd00000, 0x000000008de00000, 0x000000008de00000|100%| E|CS|TAMS 0x000000008dd00000, 0x000000008dd00000| Complete 
| 222|0x000000008de00000, 0x000000008df00000, 0x000000008df00000|100%| E|CS|TAMS 0x000000008de00000, 0x000000008de00000| Complete 
| 223|0x000000008df00000, 0x000000008e000000, 0x000000008e000000|100%| E|CS|TAMS 0x000000008df00000, 0x000000008df00000| Complete 
| 224|0x000000008e000000, 0x000000008e100000, 0x000000008e100000|100%| E|CS|TAMS 0x000000008e000000, 0x000000008e000000| Complete 
| 225|0x000000008e100000, 0x000000008e200000, 0x000000008e200000|100%| E|CS|TAMS 0x000000008e100000, 0x000000008e100000| Complete 
| 226|0x000000008e200000, 0x000000008e300000, 0x000000008e300000|100%| E|CS|TAMS 0x000000008e200000, 0x000000008e200000| Complete 
| 227|0x000000008e300000, 0x000000008e372530, 0x000000008e400000| 44%| S|CS|TAMS 0x000000008e300000, 0x000000008e300000| Complete 
| 228|0x000000008e400000, 0x000000008e500000, 0x000000008e500000|100%| S|CS|TAMS 0x000000008e400000, 0x000000008e400000| Complete 
| 229|0x000000008e500000, 0x000000008e600000, 0x000000008e600000|100%| S|CS|TAMS 0x000000008e500000, 0x000000008e500000| Complete 
| 230|0x000000008e600000, 0x000000008e700000, 0x000000008e700000|100%| S|CS|TAMS 0x000000008e600000, 0x000000008e600000| Complete 
| 231|0x000000008e700000, 0x000000008e800000, 0x000000008e800000|100%| S|CS|TAMS 0x000000008e700000, 0x000000008e700000| Complete 
| 232|0x000000008e800000, 0x000000008e900000, 0x000000008e900000|100%| S|CS|TAMS 0x000000008e800000, 0x000000008e800000| Complete 
| 233|0x000000008e900000, 0x000000008ea00000, 0x000000008ea00000|100%| E|CS|TAMS 0x000000008e900000, 0x000000008e900000| Complete 
| 234|0x000000008ea00000, 0x000000008eb00000, 0x000000008eb00000|100%| E|CS|TAMS 0x000000008ea00000, 0x000000008ea00000| Complete 
| 235|0x000000008eb00000, 0x000000008ec00000, 0x000000008ec00000|100%| E|CS|TAMS 0x000000008eb00000, 0x000000008eb00000| Complete 
| 236|0x000000008ec00000, 0x000000008ed00000, 0x000000008ed00000|100%| E|CS|TAMS 0x000000008ec00000, 0x000000008ec00000| Complete 
| 237|0x000000008ed00000, 0x000000008ee00000, 0x000000008ee00000|100%| E|CS|TAMS 0x000000008ed00000, 0x000000008ed00000| Complete 
| 238|0x000000008ee00000, 0x000000008ef00000, 0x000000008ef00000|100%| E|CS|TAMS 0x000000008ee00000, 0x000000008ee00000| Complete 
| 239|0x000000008ef00000, 0x000000008f000000, 0x000000008f000000|100%| E|CS|TAMS 0x000000008ef00000, 0x000000008ef00000| Complete 
| 240|0x000000008f000000, 0x000000008f100000, 0x000000008f100000|100%| E|CS|TAMS 0x000000008f000000, 0x000000008f000000| Complete 
| 241|0x000000008f100000, 0x000000008f200000, 0x000000008f200000|100%| E|CS|TAMS 0x000000008f100000, 0x000000008f100000| Complete 
| 242|0x000000008f200000, 0x000000008f300000, 0x000000008f300000|100%| E|CS|TAMS 0x000000008f200000, 0x000000008f200000| Complete 
| 243|0x000000008f300000, 0x000000008f400000, 0x000000008f400000|100%| E|CS|TAMS 0x000000008f300000, 0x000000008f300000| Complete 
| 244|0x000000008f400000, 0x000000008f500000, 0x000000008f500000|100%| E|CS|TAMS 0x000000008f400000, 0x000000008f400000| Complete 
| 245|0x000000008f500000, 0x000000008f600000, 0x000000008f600000|100%| E|CS|TAMS 0x000000008f500000, 0x000000008f500000| Complete 
| 246|0x000000008f600000, 0x000000008f700000, 0x000000008f700000|100%| E|CS|TAMS 0x000000008f600000, 0x000000008f600000| Complete 
| 247|0x000000008f700000, 0x000000008f800000, 0x000000008f800000|100%| E|CS|TAMS 0x000000008f700000, 0x000000008f700000| Complete 
| 248|0x000000008f800000, 0x000000008f900000, 0x000000008f900000|100%| E|CS|TAMS 0x000000008f800000, 0x000000008f800000| Complete 
| 249|0x000000008f900000, 0x000000008fa00000, 0x000000008fa00000|100%| E|CS|TAMS 0x000000008f900000, 0x000000008f900000| Complete 
| 250|0x000000008fa00000, 0x000000008fb00000, 0x000000008fb00000|100%| E|CS|TAMS 0x000000008fa00000, 0x000000008fa00000| Complete 
| 251|0x000000008fb00000, 0x000000008fc00000, 0x000000008fc00000|100%| E|CS|TAMS 0x000000008fb00000, 0x000000008fb00000| Complete 
| 252|0x000000008fc00000, 0x000000008fd00000, 0x000000008fd00000|100%| E|CS|TAMS 0x000000008fc00000, 0x000000008fc00000| Complete 
| 253|0x000000008fd00000, 0x000000008fe00000, 0x000000008fe00000|100%| E|CS|TAMS 0x000000008fd00000, 0x000000008fd00000| Complete 

Card table byte_map: [0x0000021e32c80000,0x0000021e33080000] _byte_map_base: 0x0000021e32880000

Marking Bits (Prev, Next): (CMBitMap*) 0x0000021e1fa9f668, (CMBitMap*) 0x0000021e1fa9f6a0
 Prev Bits: [0x0000021e33480000, 0x0000021e35480000)
 Next Bits: [0x0000021e35480000, 0x0000021e37480000)

Polling page: 0x0000021e1d9b0000

Metaspace:

Usage:
  Non-class:    100.34 MB capacity,    98.19 MB ( 98%) used,     1.75 MB (  2%) free+waste,   414.94 KB ( <1%) overhead. 
      Class:     16.05 MB capacity,    14.76 MB ( 92%) used,     1.10 MB (  7%) free+waste,   195.13 KB (  1%) overhead. 
       Both:    116.39 MB capacity,   112.95 MB ( 97%) used,     2.84 MB (  2%) free+waste,   610.06 KB ( <1%) overhead. 

Virtual space:
  Non-class space:      102.00 MB reserved,     100.45 MB ( 98%) committed 
      Class space:        1.00 GB reserved,      16.13 MB (  2%) committed 
             Both:        1.10 GB reserved,     116.57 MB ( 10%) committed 

Chunk freelists:
   Non-Class:  2.00 KB
       Class:  0 bytes
        Both:  2.00 KB

MaxMetaspaceSize: 17179869184.00 GB
CompressedClassSpaceSize: 1.00 GB

CodeHeap 'non-profiled nmethods': size=120000Kb used=9373Kb max_used=9373Kb free=110626Kb
 bounds [0x0000021e2b020000, 0x0000021e2b950000, 0x0000021e32550000]
CodeHeap 'profiled nmethods': size=120000Kb used=32332Kb max_used=32332Kb free=87667Kb
 bounds [0x0000021e23af0000, 0x0000021e25a90000, 0x0000021e2b020000]
CodeHeap 'non-nmethods': size=5760Kb used=2355Kb max_used=2406Kb free=3404Kb
 bounds [0x0000021e23550000, 0x0000021e237c0000, 0x0000021e23af0000]
 total_blobs=15984 nmethods=15002 adapters=893
 compilation: enabled
              stopped_count=0, restarted_count=0
 full_count=0

Compilation events (20 events):
Event: 673.267 Thread 0x0000021e3a7a4000 15225       2       groovy.lang.MetaClassImpl::pickMethod (12 bytes)
Event: 673.272 Thread 0x0000021e3a7a4000 nmethod 15225 0x0000021e25a7a010 code [0x0000021e25a7a1e0, 0x0000021e25a7a448]
Event: 673.272 Thread 0x0000021e3a7a4000 15226       2       groovy.lang.MetaClassImpl::getMethodWithoutCaching (34 bytes)
Event: 673.273 Thread 0x0000021e3a7a4000 nmethod 15226 0x0000021e25a7a610 code [0x0000021e25a7a7e0, 0x0000021e25a7aa28]
Event: 673.280 Thread 0x0000021e3a7a4000 15227       2       org.gradle.internal.service.DefaultServiceRegistry$SingletonService::isFactory (146 bytes)
Event: 673.283 Thread 0x0000021e3a7a4000 nmethod 15227 0x0000021e25a7ab90 code [0x0000021e25a7ae20, 0x0000021e25a7b518]
Event: 673.283 Thread 0x0000021e3a7a4000 15229       2       org.gradle.internal.instantiation.generator.AsmBackedClassGenerator::generate (6 bytes)
Event: 673.284 Thread 0x0000021e3a7a4000 nmethod 15229 0x0000021e25a7b910 code [0x0000021e25a7bac0, 0x0000021e25a7bbc8]
Event: 673.284 Thread 0x0000021e3a7a4000 15230   !   2       java.io.ObjectOutputStream::writeObject0 (619 bytes)
Event: 673.294 Thread 0x0000021e3a7a4000 nmethod 15230 0x0000021e25a7bc90 code [0x0000021e25a7c0c0, 0x0000021e25a7d5d8]
Event: 673.294 Thread 0x0000021e3a7a4000 15228       2       org.gradle.internal.service.DefaultServiceRegistry$CompositeServiceProvider::getFactory (49 bytes)
Event: 673.294 Thread 0x0000021e3a7a4000 nmethod 15228 0x0000021e25a7e990 code [0x0000021e25a7eb60, 0x0000021e25a7ed48]
Event: 673.294 Thread 0x0000021e3a7a4000 15231       2       java.io.ObjectOutputStream$ReplaceTable::lookup (24 bytes)
Event: 673.295 Thread 0x0000021e3a7a4000 nmethod 15231 0x0000021e25a7ee90 code [0x0000021e25a7f040, 0x0000021e25a7f1c8]
Event: 673.295 Thread 0x0000021e3a7a4000 15232       2       org.gradle.api.internal.DefaultNamedDomainObjectCollection$AbstractNamedDomainObjectProvider::<init> (20 bytes)
Event: 673.297 Thread 0x0000021e3a7a4000 nmethod 15232 0x0000021e25a7f310 code [0x0000021e25a7f4c0, 0x0000021e25a7f6d8]
Event: 673.297 Thread 0x0000021e3a7a4000 15233       2       org.gradle.internal.operations.BuildOperationDescriptor::<init> (18 bytes)
Event: 673.298 Thread 0x0000021e3a7a4000 nmethod 15233 0x0000021e25a7f790 code [0x0000021e25a7f940, 0x0000021e25a7fa68]
Event: 673.299 Thread 0x0000021e3a7a4000 15234  s!   2       sun.security.jca.ProviderConfig::getProvider (319 bytes)
Event: 673.307 Thread 0x0000021e3a7a4000 nmethod 15234 0x0000021e25a7fb10 code [0x0000021e25a7fe20, 0x0000021e25a80b28]

GC Heap History (20 events):
Event: 26.252 GC heap before
{Heap before GC invocations=12 (full 0):
 garbage-first heap   total 260096K, used 149264K [0x0000000080000000, 0x0000000100000000)
  region size 1024K, 97 young (99328K), 7 survivors (7168K)
 Metaspace       used 73010K, capacity 74645K, committed 74700K, reserved 1114112K
  class space    used 9353K, capacity 9956K, committed 9984K, reserved 1048576K
}
Event: 26.266 GC heap after
{Heap after GC invocations=13 (full 0):
 garbage-first heap   total 260096K, used 64023K [0x0000000080000000, 0x0000000100000000)
  region size 1024K, 13 young (13312K), 13 survivors (13312K)
 Metaspace       used 73010K, capacity 74645K, committed 74700K, reserved 1114112K
  class space    used 9353K, capacity 9956K, committed 9984K, reserved 1048576K
}
Event: 28.198 GC heap before
{Heap before GC invocations=13 (full 0):
 garbage-first heap   total 260096K, used 160279K [0x0000000080000000, 0x0000000100000000)
  region size 1024K, 107 young (109568K), 13 survivors (13312K)
 Metaspace       used 80741K, capacity 82583K, committed 82764K, reserved 1120256K
  class space    used 10452K, capacity 11111K, committed 11136K, reserved 1048576K
}
Event: 28.221 GC heap after
{Heap after GC invocations=14 (full 0):
 garbage-first heap   total 260096K, used 70187K [0x0000000080000000, 0x0000000100000000)
  region size 1024K, 13 young (13312K), 13 survivors (13312K)
 Metaspace       used 80741K, capacity 82583K, committed 82764K, reserved 1120256K
  class space    used 10452K, capacity 11111K, committed 11136K, reserved 1048576K
}
Event: 30.570 GC heap before
{Heap before GC invocations=14 (full 0):
 garbage-first heap   total 260096K, used 168491K [0x0000000080000000, 0x0000000100000000)
  region size 1024K, 110 young (112640K), 13 survivors (13312K)
 Metaspace       used 86480K, capacity 88711K, committed 89036K, reserved 1126400K
  class space    used 11137K, capacity 11941K, committed 12032K, reserved 1048576K
}
Event: 30.603 GC heap after
{Heap after GC invocations=15 (full 0):
 garbage-first heap   total 260096K, used 81480K [0x0000000080000000, 0x0000000100000000)
  region size 1024K, 14 young (14336K), 14 survivors (14336K)
 Metaspace       used 86480K, capacity 88711K, committed 89036K, reserved 1126400K
  class space    used 11137K, capacity 11941K, committed 12032K, reserved 1048576K
}
Event: 32.192 GC heap before
{Heap before GC invocations=15 (full 0):
 garbage-first heap   total 260096K, used 177736K [0x0000000080000000, 0x0000000100000000)
  region size 1024K, 109 young (111616K), 14 survivors (14336K)
 Metaspace       used 87256K, capacity 89440K, committed 89548K, reserved 1126400K
  class space    used 11178K, capacity 11968K, committed 12032K, reserved 1048576K
}
Event: 32.221 GC heap after
{Heap after GC invocations=16 (full 0):
 garbage-first heap   total 260096K, used 90626K [0x0000000080000000, 0x0000000100000000)
  region size 1024K, 9 young (9216K), 9 survivors (9216K)
 Metaspace       used 87256K, capacity 89440K, committed 89548K, reserved 1126400K
  class space    used 11178K, capacity 11968K, committed 12032K, reserved 1048576K
}
Event: 33.886 GC heap before
{Heap before GC invocations=16 (full 0):
 garbage-first heap   total 260096K, used 185858K [0x0000000080000000, 0x0000000100000000)
  region size 1024K, 103 young (105472K), 9 survivors (9216K)
 Metaspace       used 88910K, capacity 91155K, committed 91340K, reserved 1128448K
  class space    used 11363K, capacity 12174K, committed 12288K, reserved 1048576K
}
Event: 33.902 GC heap after
{Heap after GC invocations=17 (full 0):
 garbage-first heap   total 260096K, used 96077K [0x0000000080000000, 0x0000000100000000)
  region size 1024K, 9 young (9216K), 9 survivors (9216K)
 Metaspace       used 88910K, capacity 91155K, committed 91340K, reserved 1128448K
  class space    used 11363K, capacity 12174K, committed 12288K, reserved 1048576K
}
Event: 60.952 GC heap before
{Heap before GC invocations=17 (full 0):
 garbage-first heap   total 260096K, used 192333K [0x0000000080000000, 0x0000000100000000)
  region size 1024K, 103 young (105472K), 9 survivors (9216K)
 Metaspace       used 96312K, capacity 98746K, committed 99020K, reserved 1134592K
  class space    used 12365K, capacity 13243K, committed 13312K, reserved 1048576K
}
Event: 60.972 GC heap after
{Heap after GC invocations=18 (full 0):
 garbage-first heap   total 260096K, used 100671K [0x0000000080000000, 0x0000000100000000)
  region size 1024K, 5 young (5120K), 5 survivors (5120K)
 Metaspace       used 96312K, capacity 98746K, committed 99020K, reserved 1134592K
  class space    used 12365K, capacity 13243K, committed 13312K, reserved 1048576K
}
Event: 85.391 GC heap before
{Heap before GC invocations=18 (full 0):
 garbage-first heap   total 260096K, used 196927K [0x0000000080000000, 0x0000000100000000)
  region size 1024K, 100 young (102400K), 5 survivors (5120K)
 Metaspace       used 96926K, capacity 99467K, committed 99660K, reserved 1136640K
  class space    used 12434K, capacity 13364K, committed 13440K, reserved 1048576K
}
Event: 85.407 GC heap after
{Heap after GC invocations=19 (full 0):
 garbage-first heap   total 260096K, used 106515K [0x0000000080000000, 0x0000000100000000)
  region size 1024K, 11 young (11264K), 11 survivors (11264K)
 Metaspace       used 96926K, capacity 99467K, committed 99660K, reserved 1136640K
  class space    used 12434K, capacity 13364K, committed 13440K, reserved 1048576K
}
Event: 88.248 GC heap before
{Heap before GC invocations=19 (full 0):
 garbage-first heap   total 260096K, used 201747K [0x0000000080000000, 0x0000000100000000)
  region size 1024K, 105 young (107520K), 11 survivors (11264K)
 Metaspace       used 107208K, capacity 110412K, committed 110540K, reserved 1144832K
  class space    used 14068K, capacity 15292K, committed 15360K, reserved 1048576K
}
Event: 88.275 GC heap after
{Heap after GC invocations=20 (full 0):
 garbage-first heap   total 260096K, used 111643K [0x0000000080000000, 0x0000000100000000)
  region size 1024K, 12 young (12288K), 12 survivors (12288K)
 Metaspace       used 107208K, capacity 110412K, committed 110540K, reserved 1144832K
  class space    used 14068K, capacity 15292K, committed 15360K, reserved 1048576K
}
Event: 90.189 GC heap before
{Heap before GC invocations=20 (full 0):
 garbage-first heap   total 260096K, used 161819K [0x0000000080000000, 0x0000000100000000)
  region size 1024K, 63 young (64512K), 12 survivors (12288K)
 Metaspace       used 110675K, capacity 114164K, committed 114252K, reserved 1146880K
  class space    used 14637K, capacity 15965K, committed 16000K, reserved 1048576K
}
Event: 90.206 GC heap after
{Heap after GC invocations=21 (full 0):
 garbage-first heap   total 260096K, used 114545K [0x0000000080000000, 0x0000000100000000)
  region size 1024K, 10 young (10240K), 10 survivors (10240K)
 Metaspace       used 110675K, capacity 114164K, committed 114252K, reserved 1146880K
  class space    used 14637K, capacity 15965K, committed 16000K, reserved 1048576K
}
Event: 92.583 GC heap before
{Heap before GC invocations=22 (full 0):
 garbage-first heap   total 260096K, used 146289K [0x0000000080000000, 0x0000000100000000)
  region size 1024K, 31 young (31744K), 10 survivors (10240K)
 Metaspace       used 111589K, capacity 115027K, committed 115404K, reserved 1148928K
  class space    used 14754K, capacity 16061K, committed 16128K, reserved 1048576K
}
Event: 92.603 GC heap after
{Heap after GC invocations=23 (full 0):
 garbage-first heap   total 260096K, used 127567K [0x0000000080000000, 0x0000000100000000)
  region size 1024K, 6 young (6144K), 6 survivors (6144K)
 Metaspace       used 111589K, capacity 115027K, committed 115404K, reserved 1148928K
  class space    used 14754K, capacity 16061K, committed 16128K, reserved 1048576K
}

Deoptimization events (20 events):
Event: 665.020 Thread 0x0000021e3d8ca800 DEOPT PACKING pc=0x0000021e2b767b38 sp=0x00000062b78fcf80
Event: 665.022 Thread 0x0000021e3d8ca800 DEOPT UNPACKING pc=0x0000021e235778af sp=0x00000062b78fcf28 mode 2
Event: 665.022 Thread 0x0000021e3d8ca800 Uncommon trap: trap_request=0xffffff4d fr.pc=0x0000021e2b5f9864 relative=0x0000000000000c24
Event: 665.023 Thread 0x0000021e3d8ca800 Uncommon trap: reason=unstable_if action=reinterpret pc=0x0000021e2b5f9864 method=org.gradle.tooling.internal.provider.runner.SubtreeFilteringBuildOperationListener.started(Lorg/gradle/internal/operations/BuildOperationDescriptor;Lorg/gradle/internal/oper
Event: 665.023 Thread 0x0000021e3d8ca800 DEOPT PACKING pc=0x0000021e2b5f9864 sp=0x00000062b78fcf40
Event: 665.023 Thread 0x0000021e3d8ca800 DEOPT UNPACKING pc=0x0000021e235778af sp=0x00000062b78fcf18 mode 2
Event: 665.031 Thread 0x0000021e3d8ca800 Uncommon trap: trap_request=0xffffff4d fr.pc=0x0000021e2b8f2810 relative=0x0000000000006430
Event: 665.031 Thread 0x0000021e3d8ca800 Uncommon trap: reason=unstable_if action=reinterpret pc=0x0000021e2b8f2810 method=org.gradle.internal.logging.sink.OutputEventTransformer.onOutput(Lorg/gradle/internal/logging/events/OutputEvent;)V @ 84 c2
Event: 665.031 Thread 0x0000021e3d8ca800 DEOPT PACKING pc=0x0000021e2b8f2810 sp=0x00000062b78fce00
Event: 665.031 Thread 0x0000021e3d8ca800 DEOPT UNPACKING pc=0x0000021e235778af sp=0x00000062b78fcde8 mode 2
Event: 666.219 Thread 0x0000021e3d8ca800 Uncommon trap: trap_request=0xffffff4d fr.pc=0x0000021e2b6101b0 relative=0x00000000000006f0
Event: 666.220 Thread 0x0000021e3d8ca800 Uncommon trap: reason=unstable_if action=reinterpret pc=0x0000021e2b6101b0 method=org.gradle.tooling.internal.provider.runner.PluginApplicationTracker.started(Lorg/gradle/internal/operations/BuildOperationDescriptor;Lorg/gradle/internal/operations/Operati
Event: 666.220 Thread 0x0000021e3d8ca800 DEOPT PACKING pc=0x0000021e2b6101b0 sp=0x00000062b78fb010
Event: 666.221 Thread 0x0000021e3d8ca800 DEOPT UNPACKING pc=0x0000021e235778af sp=0x00000062b78fafb0 mode 2
Event: 668.639 Thread 0x0000021e3d8ca800 Uncommon trap: trap_request=0xffffffde fr.pc=0x0000021e2b788f94 relative=0x0000000000000454
Event: 668.640 Thread 0x0000021e3d8ca800 Uncommon trap: reason=class_check action=maybe_recompile pc=0x0000021e2b788f94 method=org.gradle.cache.internal.LockOnDemandCrossProcessCacheAccess.incrementLockCount()V @ 97 c2
Event: 668.640 Thread 0x0000021e3d8ca800 DEOPT PACKING pc=0x0000021e2b788f94 sp=0x00000062b78f7c70
Event: 668.640 Thread 0x0000021e3d8ca800 DEOPT UNPACKING pc=0x0000021e235778af sp=0x00000062b78f7c20 mode 2
Event: 671.049 Thread 0x0000021e3d8ca800 DEOPT PACKING pc=0x0000021e255a58d5 sp=0x00000062b78f83f0
Event: 671.050 Thread 0x0000021e3d8ca800 DEOPT UNPACKING pc=0x0000021e235776ce sp=0x00000062b78f7910 mode 0

Classes redefined (0 events):
No events

Internal exceptions (20 events):
Event: 90.218 Thread 0x0000021e3d7da800 Exception <a 'sun/nio/fs/WindowsException'{0x000000008fd3ee00}> (0x000000008fd3ee00) thrown at [./src/hotspot/share/prims/jni.cpp, line 615]
Event: 90.230 Thread 0x0000021e3d7da800 Implicit null exception at 0x0000021e2b6faef8 to 0x0000021e2b6fd720
Event: 90.439 Thread 0x0000021e3d7da800 Exception <a 'java/lang/NoSuchMethodError'{0x000000008f94a5d0}: 'java.lang.Object java.lang.invoke.DirectMethodHandle$Holder.invokeStatic(java.lang.Object, java.lang.Object, java.lang.Object, java.lang.Object, java.lang.Object, int, java.lang.Object)'> (0x000000008f94a5d0) thrown at [./src/hotspot/share/interpreter/linkResolver.cpp, line 773]
Event: 90.613 Thread 0x0000021e3d7da800 Exception <a 'java/lang/NoSuchMethodError'{0x000000008f531848}: 'java.lang.Object java.lang.invoke.DirectMethodHandle$Holder.invokeSpecial(java.lang.Object, java.lang.Object, java.lang.Object, java.lang.Object, java.lang.Object, java.lang.Object, java.lang.Object, int, java.lang.Object)'> (0x000000008f531848) thrown at [./src/hotspot/share/interpreter/linkResolver.cpp, line 773]
Event: 90.614 Thread 0x0000021e3d7da800 Exception <a 'java/lang/NoSuchMethodError'{0x000000008f53ab70}: 'java.lang.Object java.lang.invoke.DirectMethodHandle$Holder.invokeStatic(java.lang.Object, java.lang.Object, java.lang.Object, java.lang.Object, java.lang.Object, java.lang.Object, java.lang.Object, int)'> (0x000000008f53ab70) thrown at [./src/hotspot/share/interpreter/linkResolver.cpp, line 773]
Event: 90.614 Thread 0x0000021e3d7da800 Exception <a 'java/lang/NoSuchMethodError'{0x000000008f53eb90}: 'java.lang.Object java.lang.invoke.DirectMethodHandle$Holder.invokeSpecial(java.lang.Object, java.lang.Object, java.lang.Object, java.lang.Object, java.lang.Object, java.lang.Object, java.lang.Object, java.lang.Object, int)'> (0x000000008f53eb90) thrown at [./src/hotspot/share/interpreter/linkResolver.cpp, line 773]
Event: 90.614 Thread 0x0000021e3d7da800 Exception <a 'java/lang/NoSuchMethodError'{0x000000008f542228}: 'java.lang.Object java.lang.invoke.Invokers$Holder.linkToTargetMethod(java.lang.Object, java.lang.Object, java.lang.Object, java.lang.Object, java.lang.Object, java.lang.Object, int, java.lang.Object)'> (0x000000008f542228) thrown at [./src/hotspot/share/interpreter/linkResolver.cpp, line 773]
Event: 93.184 Thread 0x0000021e3d7da800 Exception <a 'java/lang/NoSuchMethodError'{0x000000008fccb1c0}: 'java.lang.Object java.lang.invoke.DirectMethodHandle$Holder.invokeVirtual(java.lang.Object, java.lang.Object, int)'> (0x000000008fccb1c0) thrown at [./src/hotspot/share/interpreter/linkResolver.cpp, line 773]
Event: 93.370 Thread 0x0000021e3d7da800 Implicit null exception at 0x0000021e2b1e44eb to 0x0000021e2b1e450c
Event: 93.690 Thread 0x0000021e3d8c6000 Exception <a 'sun/nio/fs/WindowsException'{0x000000008fa4b948}> (0x000000008fa4b948) thrown at [./src/hotspot/share/prims/jni.cpp, line 615]
Event: 93.816 Thread 0x0000021e3c730800 Exception <a 'java/lang/NoSuchMethodError'{0x000000008f997d60}: 'java.lang.Object java.lang.invoke.DirectMethodHandle$Holder.invokeSpecial(java.lang.Object, java.lang.Object, java.lang.Object, java.lang.Object, int, java.lang.Object, java.lang.Object)'> (0x000000008f997d60) thrown at [./src/hotspot/share/interpreter/linkResolver.cpp, line 773]
Event: 93.876 Thread 0x0000021e3c730800 Implicit null exception at 0x0000021e2b70b82f to 0x0000021e2b70b87c
Event: 102.989 Thread 0x0000021e3d9a7800 Implicit null exception at 0x0000021e2b0531f4 to 0x0000021e2b053708
Event: 102.991 Thread 0x0000021e3d9a7800 Implicit null exception at 0x0000021e2b418d14 to 0x0000021e2b4192ec
Event: 337.869 Thread 0x0000021e3d8cb000 Exception <a 'java/lang/NoSuchMethodError'{0x000000008de60b00}: 'java.lang.Object java.lang.invoke.DirectMethodHandle$Holder.invokeSpecial(java.lang.Object, java.lang.Object, int, int, int, java.lang.Object, java.lang.Object, java.lang.Object)'> (0x000000008de60b00) thrown at [./src/hotspot/share/interpreter/linkResolver.cpp, line 773]
Event: 337.870 Thread 0x0000021e3d8cb000 Exception <a 'java/lang/NoSuchMethodError'{0x000000008de64388}: 'java.lang.Object java.lang.invoke.DelegatingMethodHandle$Holder.reinvoke_L(java.lang.Object, int, int, int, java.lang.Object, java.lang.Object, java.lang.Object)'> (0x000000008de64388) thrown at [./src/hotspot/share/interpreter/linkResolver.cpp, line 773]
Event: 337.871 Thread 0x0000021e3d8cb000 Exception <a 'java/lang/NoSuchMethodError'{0x000000008de6b7b8}: 'java.lang.Object java.lang.invoke.DirectMethodHandle$Holder.invokeStatic(java.lang.Object, java.lang.Object, java.lang.Object, java.lang.Object, java.lang.Object, int)'> (0x000000008de6b7b8) thrown at [./src/hotspot/share/interpreter/linkResolver.cpp, line 773]
Event: 665.019 Thread 0x0000021e3d8ca800 Implicit null exception at 0x0000021e2b7677f6 to 0x0000021e2b767b24
Event: 665.022 Thread 0x0000021e3d8ca800 Implicit null exception at 0x0000021e2b5f8c82 to 0x0000021e2b5f9844
Event: 665.031 Thread 0x0000021e3d8ca800 Implicit null exception at 0x0000021e2b8ec48b to 0x0000021e2b8f27f8

Events (20 events):
Event: 666.957 Executing VM operation: RevokeBias
Event: 666.960 Executing VM operation: RevokeBias done
Event: 667.026 Executing VM operation: RevokeBias
Event: 667.026 Executing VM operation: RevokeBias done
Event: 667.096 Executing VM operation: RevokeBias
Event: 667.097 Executing VM operation: RevokeBias done
Event: 668.619 Thread 0x0000021e3d8cd800 Thread added: 0x0000021e3d8cd800
Event: 670.744 Thread 0x0000021e3d8cf000 Thread added: 0x0000021e3d8cf000
Event: 671.273 Thread 0x0000021e3d8cf000 Thread exited: 0x0000021e3d8cf000
Event: 672.344 Thread 0x0000021e3d8d3800 Thread added: 0x0000021e3d8d3800
Event: 672.345 Thread 0x0000021e3d8cf000 Thread added: 0x0000021e3d8cf000
Event: 672.363 Thread 0x0000021e3d8d4000 Thread added: 0x0000021e3d8d4000
Event: 672.369 Executing VM operation: RevokeBias
Event: 672.374 Thread 0x0000021e41e09000 Thread added: 0x0000021e41e09000
Event: 672.378 Executing VM operation: RevokeBias done
Event: 672.381 Thread 0x0000021e41e0c800 Thread added: 0x0000021e41e0c800
Event: 672.382 Thread 0x0000021e41e0d000 Thread added: 0x0000021e41e0d000
Event: 672.382 Thread 0x0000021e41e08000 Thread added: 0x0000021e41e08000
Event: 672.387 Thread 0x0000021e41e07800 Thread added: 0x0000021e41e07800
Event: 672.388 Thread 0x0000021e41e0e000 Thread added: 0x0000021e41e0e000


Dynamic libraries:
0x00007ff6efad0000 - 0x00007ff6efada000 	C:\Program Files\Android\Android Studio\jre\bin\java.exe
0x00007ffc10d50000 - 0x00007ffc10f48000 	C:\Windows\SYSTEM32\ntdll.dll
0x00007ffc0f8f0000 - 0x00007ffc0f9ad000 	C:\Windows\System32\KERNEL32.DLL
0x00007ffc0e9d0000 - 0x00007ffc0ec9e000 	C:\Windows\System32\KERNELBASE.dll
0x00007ffc0e8d0000 - 0x00007ffc0e9d0000 	C:\Windows\System32\ucrtbase.dll
0x00007ffbee670000 - 0x00007ffbee689000 	C:\Program Files\Android\Android Studio\jre\bin\jli.dll
0x00007ffbe6af0000 - 0x00007ffbe6b07000 	C:\Program Files\Android\Android Studio\jre\bin\VCRUNTIME140.dll
0x00007ffc0f750000 - 0x00007ffc0f8f0000 	C:\Windows\System32\USER32.dll
0x00007ffbef840000 - 0x00007ffbefada000 	C:\Windows\WinSxS\amd64_microsoft.windows.common-controls_6595b64144ccf1df_6.0.19041.1110_none_60b5254171f9507e\COMCTL32.dll
0x00007ffc0e470000 - 0x00007ffc0e492000 	C:\Windows\System32\win32u.dll
0x00007ffc0ee60000 - 0x00007ffc0ee8a000 	C:\Windows\System32\GDI32.dll
0x00007ffc10b50000 - 0x00007ffc10bee000 	C:\Windows\System32\msvcrt.dll
0x00007ffc0e520000 - 0x00007ffc0e62b000 	C:\Windows\System32\gdi32full.dll
0x00007ffc0eca0000 - 0x00007ffc0ed3d000 	C:\Windows\System32\msvcp_win.dll
0x00007ffc0f520000 - 0x00007ffc0f550000 	C:\Windows\System32\IMM32.DLL
0x00007ffbd67d0000 - 0x00007ffbd686d000 	C:\Program Files\Android\Android Studio\jre\bin\msvcp140.dll
0x00007ffbca3e0000 - 0x00007ffbcaeaf000 	C:\Program Files\Android\Android Studio\jre\bin\server\jvm.dll
0x00007ffc0edb0000 - 0x00007ffc0ee5e000 	C:\Windows\System32\ADVAPI32.dll
0x00007ffc10310000 - 0x00007ffc103ac000 	C:\Windows\System32\sechost.dll
0x00007ffc0f9b0000 - 0x00007ffc0fad5000 	C:\Windows\System32\RPCRT4.dll
0x00007ffc10300000 - 0x00007ffc10308000 	C:\Windows\System32\PSAPI.DLL
0x00007ffbf3d50000 - 0x00007ffbf3d59000 	C:\Windows\SYSTEM32\WSOCK32.dll
0x00007ffbf6e50000 - 0x00007ffbf6e77000 	C:\Windows\SYSTEM32\WINMM.dll
0x00007ffc087c0000 - 0x00007ffc087ca000 	C:\Windows\SYSTEM32\VERSION.dll
0x00007ffc10ca0000 - 0x00007ffc10d0b000 	C:\Windows\System32\WS2_32.dll
0x00007ffc0c370000 - 0x00007ffc0c382000 	C:\Windows\SYSTEM32\kernel.appcore.dll
0x00007ffc032d0000 - 0x00007ffc032e1000 	C:\Program Files\Android\Android Studio\jre\bin\verify.dll
0x00007ffc010a0000 - 0x00007ffc01284000 	C:\Windows\SYSTEM32\DBGHELP.DLL
0x00007ffbf3940000 - 0x00007ffbf396c000 	C:\Windows\SYSTEM32\dbgcore.DLL
0x00007ffc0e790000 - 0x00007ffc0e812000 	C:\Windows\System32\bcryptPrimitives.dll
0x00007ffc032a0000 - 0x00007ffc032c9000 	C:\Program Files\Android\Android Studio\jre\bin\java.dll
0x00007ffc0aa10000 - 0x00007ffc0aa1b000 	C:\Program Files\Android\Android Studio\jre\bin\jimage.dll
0x00007ffc03280000 - 0x00007ffc03298000 	C:\Program Files\Android\Android Studio\jre\bin\zip.dll
0x00007ffc0fbb0000 - 0x00007ffc102f4000 	C:\Windows\System32\SHELL32.dll
0x00007ffc0c570000 - 0x00007ffc0cd04000 	C:\Windows\SYSTEM32\windows.storage.dll
0x00007ffc107f0000 - 0x00007ffc10b44000 	C:\Windows\System32\combase.dll
0x00007ffc0ded0000 - 0x00007ffc0df00000 	C:\Windows\SYSTEM32\Wldp.dll
0x00007ffc0f570000 - 0x00007ffc0f61d000 	C:\Windows\System32\SHCORE.dll
0x00007ffc0f390000 - 0x00007ffc0f3e5000 	C:\Windows\System32\shlwapi.dll
0x00007ffc0e3b0000 - 0x00007ffc0e3cf000 	C:\Windows\SYSTEM32\profapi.dll
0x00007ffc03020000 - 0x00007ffc0303a000 	C:\Program Files\Android\Android Studio\jre\bin\net.dll
0x00007ffc03cc0000 - 0x00007ffc03dca000 	C:\Windows\SYSTEM32\WINHTTP.dll
0x00007ffc0dc30000 - 0x00007ffc0dc9a000 	C:\Windows\system32\mswsock.dll
0x00007ffbfbd10000 - 0x00007ffbfbd24000 	C:\Program Files\Android\Android Studio\jre\bin\nio.dll
0x00007ffbf8110000 - 0x00007ffbf8137000 	C:\Users\pc\.gradle\native\8bec1ad78214c89d9ad589b4d07fe93259594b29d510b10fafb7a158f7737e5d\windows-amd64\native-platform.dll
0x00007ffbd1560000 - 0x00007ffbd169d000 	C:\Users\pc\.gradle\native\53dbd7edfb1c66fb8903c78663c9afc45aea4f116125fa6feffd364cf09443e8\windows-amd64\native-platform-file-events.dll
0x00007ffc099b0000 - 0x00007ffc099ba000 	C:\Program Files\Android\Android Studio\jre\bin\management.dll
0x00007ffc09880000 - 0x00007ffc0988c000 	C:\Program Files\Android\Android Studio\jre\bin\management_ext.dll
0x00007ffc0de20000 - 0x00007ffc0de38000 	C:\Windows\SYSTEM32\CRYPTSP.dll
0x00007ffc0d540000 - 0x00007ffc0d574000 	C:\Windows\system32\rsaenh.dll
0x00007ffc0e4a0000 - 0x00007ffc0e4c7000 	C:\Windows\System32\bcrypt.dll
0x00007ffc0e370000 - 0x00007ffc0e39e000 	C:\Windows\SYSTEM32\USERENV.dll
0x00007ffc0de40000 - 0x00007ffc0de4c000 	C:\Windows\SYSTEM32\CRYPTBASE.dll
0x00007ffc0d8d0000 - 0x00007ffc0d90b000 	C:\Windows\SYSTEM32\IPHLPAPI.DLL
0x00007ffc0f380000 - 0x00007ffc0f388000 	C:\Windows\System32\NSI.dll
0x00007ffc06ca0000 - 0x00007ffc06cb7000 	C:\Windows\SYSTEM32\dhcpcsvc6.DLL
0x00007ffc07190000 - 0x00007ffc071ad000 	C:\Windows\SYSTEM32\dhcpcsvc.DLL
0x00007ffc0d920000 - 0x00007ffc0d9ea000 	C:\Windows\SYSTEM32\DNSAPI.dll
0x00007ffbda6b0000 - 0x00007ffbda6ce000 	C:\Users\pc\AppData\Local\Temp\native-platform8439718156897782347dir\native-platform.dll
0x00007ffbe3df0000 - 0x00007ffbe3df8000 	C:\Program Files\Android\Android Studio\jre\bin\rmi.dll
0x00007ffbf39a0000 - 0x00007ffbf39b7000 	C:\Windows\system32\napinsp.dll
0x00007ffbe8830000 - 0x00007ffbe884b000 	C:\Windows\system32\pnrpnsp.dll
0x00007ffbdf4a0000 - 0x00007ffbdf4b5000 	C:\Windows\system32\wshbth.dll
0x00007ffc0a3f0000 - 0x00007ffc0a40d000 	C:\Windows\system32\NLAapi.dll
0x00007ffbe8810000 - 0x00007ffbe8822000 	C:\Windows\System32\winrnr.dll
0x000000006f820000 - 0x000000006f846000 	C:\Program Files\Bonjour\mdnsNSP.dll
0x00007ffc01ef0000 - 0x00007ffc01efa000 	C:\Windows\System32\rasadhlp.dll
0x00007ffc03b90000 - 0x00007ffc03c10000 	C:\Windows\System32\fwpuclnt.dll
0x00007ffbe8600000 - 0x00007ffbe8627000 	C:\Program Files\Android\Android Studio\jre\bin\sunec.dll

dbghelp: loaded successfully - version: 4.0.5 - missing functions: none
symbol engine: initialized successfully - sym options: 0x614 - pdb path: .;C:\Program Files\Android\Android Studio\jre\bin;C:\Windows\SYSTEM32;C:\Windows\WinSxS\amd64_microsoft.windows.common-controls_6595b64144ccf1df_6.0.19041.1110_none_60b5254171f9507e;C:\Program Files\Android\Android Studio\jre\bin\server;C:\Users\pc\.gradle\native\8bec1ad78214c89d9ad589b4d07fe93259594b29d510b10fafb7a158f7737e5d\windows-amd64;C:\Users\pc\.gradle\native\53dbd7edfb1c66fb8903c78663c9afc45aea4f116125fa6feffd364cf09443e8\windows-amd64;C:\Users\pc\AppData\Local\Temp\native-platform8439718156897782347dir;C:\Program Files\Bonjour

VM Arguments:
jvm_args: --add-opens=java.base/java.util=ALL-UNNAMED --add-opens=java.base/java.lang=ALL-UNNAMED --add-opens=java.base/java.lang.invoke=ALL-UNNAMED --add-opens=java.base/java.util=ALL-UNNAMED --add-opens=java.prefs/java.util.prefs=ALL-UNNAMED --add-opens=java.prefs/java.util.prefs=ALL-UNNAMED --add-opens=java.base/java.nio.charset=ALL-UNNAMED --add-opens=java.base/java.net=ALL-UNNAMED --add-opens=java.base/java.util.concurrent.atomic=ALL-UNNAMED -Xmx2048m -Dfile.encoding=UTF-8 -Duser.country=US -Duser.language=en -Duser.variant 
java_command: org.gradle.launcher.daemon.bootstrap.GradleDaemon 7.0.2
java_class_path (initial): C:\Users\pc\.gradle\wrapper\dists\gradle-7.0.2-bin\857tjihv64xamwrf0h14cai3r\gradle-7.0.2\lib\gradle-launcher-7.0.2.jar
Launcher Type: SUN_STANDARD

[Global flags]
     intx CICompilerCount                          = 4                                         {product} {ergonomic}
     uint ConcGCThreads                            = 2                                         {product} {ergonomic}
     uint G1ConcRefinementThreads                  = 8                                         {product} {ergonomic}
   size_t G1HeapRegionSize                         = 1048576                                   {product} {ergonomic}
    uintx GCDrainStackTargetSize                   = 64                                        {product} {ergonomic}
   size_t InitialHeapSize                          = 266338304                                 {product} {ergonomic}
   size_t MarkStackSize                            = 4194304                                   {product} {ergonomic}
   size_t MaxHeapSize                              = 2147483648                                {product} {command line}
   size_t MaxNewSize                               = 1287651328                                {product} {ergonomic}
   size_t MinHeapDeltaBytes                        = 1048576                                   {product} {ergonomic}
    uintx NonNMethodCodeHeapSize                   = 5836300                                {pd product} {ergonomic}
    uintx NonProfiledCodeHeapSize                  = 122910970                              {pd product} {ergonomic}
    uintx ProfiledCodeHeapSize                     = 122910970                              {pd product} {ergonomic}
    uintx ReservedCodeCacheSize                    = 251658240                              {pd product} {ergonomic}
     bool SegmentedCodeCache                       = true                                      {product} {ergonomic}
     bool UseCompressedClassPointers               = true                                 {lp64_product} {ergonomic}
     bool UseCompressedOops                        = true                                 {lp64_product} {ergonomic}
     bool UseG1GC                                  = true                                      {product} {ergonomic}
     bool UseLargePagesIndividualAllocation        = false                                  {pd product} {ergonomic}

Logging:
Log output configuration:
 #0: stdout all=warning uptime,level,tags
 #1: stderr all=off uptime,level,tags

Environment Variables:
PATH=C:\Windows\system32;C:\Windows;C:\Windows\System32\Wbem;C:\Windows\System32\WindowsPowerShell\v1.0\;C:\Windows\System32\OpenSSH\;C:\Program Files\NVIDIA Corporation\NVIDIA NvDLISR;C:\Program Files (x86)\NVIDIA Corporation\PhysX\Common;C:\Program Files\Git\cmd;C:\Users\pc\AppData\Local\Microsoft\WindowsApps;C:\xampp\php;C:\Users\pc\AppData\Local\ComposerSetup\bin;C:\Users\pc\AppData\Roaming\Composer\vendor\bin;C:\Users\pc\AppData\Local\Programs\Microsoft VS Code\bin;C:\Program Files\heroku\bin;C:\dart-sdk\bin;
USERNAME=pc
OS=Windows_NT
PROCESSOR_IDENTIFIER=Intel64 Family 6 Model 142 Stepping 11, GenuineIntel



---------------  S Y S T E M  ---------------

OS: Windows 10 , 64 bit Build 19041 (10.0.19041.1889)
OS uptime: 5 days 0:54 hours

CPU:total 8 (initial active 8) (4 cores per cpu, 2 threads per core) family 6 model 142 stepping 11 microcode 0xec, cmov, cx8, fxsr, mmx, sse, sse2, sse3, ssse3, sse4.1, sse4.2, popcnt, avx, avx2, aes, clmul, erms, 3dnowpref, lzcnt, ht, tsc, tscinvbit, bmi1, bmi2, adx, fma

Memory: 4k page, system-wide physical 16255M (511M free)
TotalPageFile size 31440M (AvailPageFile size 1M)
current process WorkingSet (physical memory assigned to process): 190M, peak: 564M
current process commit charge ("private bytes"): 603M, peak: 608M

vm_info: OpenJDK 64-Bit Server VM (11.0.10+0-b96-7249189) for windows-amd64 JRE (11.0.10+0-b96-7249189), built on Mar 31 2021 21:44:00 by "builder" with MS VC++ 14.0 (VS2015)

END.
